<?xml version="1.0" encoding="UTF-8"?>
<!-- Generated by org.testng.reporters.JUnitXMLReporter -->
<testsuite ignored="10" hostname="AICHHIKA-DELL" failures="2" tests="13" name="Test" time="185.83" errors="0" timestamp="2025-09-21T22:26:10 IST">
  <testcase classname="com.comcast.hms.SmokeTest_TestNG.ListOfDepartmentSmokeTest" name="ListOfDepartmentSmoke" time="28.756"/>
  <testcase classname="com.comcast.hms.SystemTest_TestNg.PatientE2ETest" name="PatientE2E" time="29.864">
    <failure type="org.openqa.selenium.ElementClickInterceptedException" message="element click intercepted: Element &amp;lt;button type=&amp;quot;submit&amp;quot; class=&amp;quot;btn btn-primary pull-right&amp;quot; id=&amp;quot;submit&amp;quot; name=&amp;quot;submit&amp;quot;&amp;gt;...&amp;lt;/button&amp;gt; is not clickable at point (750, 516). Other element would receive the click: &amp;lt;img src=&amp;quot;./assets/images/logo/Acoe.png&amp;quot; alt=&amp;quot;&amp;quot; height=&amp;quot;40px&amp;quot; width=&amp;quot;350px&amp;quot; style=&amp;quot;margin:auto&amp;quot;&amp;gt;
  (Session info: chrome=140.0.7339.186)
Build info: version: &amp;apos;4.27.0&amp;apos;, revision: &amp;apos;d6e718d134&amp;apos;
System info: os.name: &amp;apos;Windows 11&amp;apos;, os.arch: &amp;apos;amd64&amp;apos;, os.version: &amp;apos;10.0&amp;apos;, java.version: &amp;apos;21.0.7&amp;apos;
Driver info: org.openqa.selenium.chrome.ChromeDriver
Command: [4dc58f7a4e6e4d832e87e6d07cbe16ba, clickElement {id=f.045F479DFE79BE9330995FF7EB8C01EC.d.388EF59EE4F5849A5AF9BDC0F8E02045.e.29}]
Capabilities {acceptInsecureCerts: false, browserName: chrome, browserVersion: 140.0.7339.186, chrome: {chromedriverVersion: 140.0.7339.185 (eeea00e459e..., userDataDir: C:\Users\AYEESI~1\AppData\L...}, fedcm:accounts: true, goog:chromeOptions: {debuggerAddress: localhost:62000}, networkConnectionEnabled: false, pageLoadStrategy: normal, platformName: windows, proxy: Proxy(), se:cdp: ws://localhost:62000/devtoo..., se:cdpVersion: 140.0.7339.186, setWindowRect: true, strictFileInteractability: false, timeouts: {implicit: 0, pageLoad: 300000, script: 30000}, unhandledPromptBehavior: dismiss and notify, webauthn:extension:credBlob: true, webauthn:extension:largeBlob: true, webauthn:extension:minPinLength: true, webauthn:extension:prf: true, webauthn:virtualAuthenticators: true}
Element: [[ChromeDriver: chrome on windows (4dc58f7a4e6e4d832e87e6d07cbe16ba)] -&amp;gt; xpath: //button[@id=&amp;quot;submit&amp;quot;]]
Session ID: 4dc58f7a4e6e4d832e87e6d07cbe16ba">
      <![CDATA[org.openqa.selenium.ElementClickInterceptedException: element click intercepted: Element <button type="submit" class="btn btn-primary pull-right" id="submit" name="submit">...</button> is not clickable at point (750, 516). Other element would receive the click: <img src="./assets/images/logo/Acoe.png" alt="" height="40px" width="350px" style="margin:auto">
  (Session info: chrome=140.0.7339.186)
Build info: version: '4.27.0', revision: 'd6e718d134'
System info: os.name: 'Windows 11', os.arch: 'amd64', os.version: '10.0', java.version: '21.0.7'
Driver info: org.openqa.selenium.chrome.ChromeDriver
Command: [4dc58f7a4e6e4d832e87e6d07cbe16ba, clickElement {id=f.045F479DFE79BE9330995FF7EB8C01EC.d.388EF59EE4F5849A5AF9BDC0F8E02045.e.29}]
Capabilities {acceptInsecureCerts: false, browserName: chrome, browserVersion: 140.0.7339.186, chrome: {chromedriverVersion: 140.0.7339.185 (eeea00e459e..., userDataDir: C:\Users\AYEESI~1\AppData\L...}, fedcm:accounts: true, goog:chromeOptions: {debuggerAddress: localhost:62000}, networkConnectionEnabled: false, pageLoadStrategy: normal, platformName: windows, proxy: Proxy(), se:cdp: ws://localhost:62000/devtoo..., se:cdpVersion: 140.0.7339.186, setWindowRect: true, strictFileInteractability: false, timeouts: {implicit: 0, pageLoad: 300000, script: 30000}, unhandledPromptBehavior: dismiss and notify, webauthn:extension:credBlob: true, webauthn:extension:largeBlob: true, webauthn:extension:minPinLength: true, webauthn:extension:prf: true, webauthn:virtualAuthenticators: true}
Element: [[ChromeDriver: chrome on windows (4dc58f7a4e6e4d832e87e6d07cbe16ba)] -> xpath: //button[@id="submit"]]
Session ID: 4dc58f7a4e6e4d832e87e6d07cbe16ba
at org.openqa.selenium.remote.ErrorCodec.decode(ErrorCodec.java:167)
at org.openqa.selenium.remote.codec.w3c.W3CHttpResponseCodec.decode(W3CHttpResponseCodec.java:138)
at org.openqa.selenium.remote.codec.w3c.W3CHttpResponseCodec.decode(W3CHttpResponseCodec.java:50)
at org.openqa.selenium.remote.HttpCommandExecutor.execute(HttpCommandExecutor.java:190)
at org.openqa.selenium.remote.service.DriverCommandExecutor.invokeExecute(DriverCommandExecutor.java:216)
at org.openqa.selenium.remote.service.DriverCommandExecutor.execute(DriverCommandExecutor.java:174)
at org.openqa.selenium.remote.RemoteWebDriver.execute(RemoteWebDriver.java:545)
at org.openqa.selenium.remote.RemoteWebElement.execute(RemoteWebElement.java:223)
at org.openqa.selenium.remote.RemoteWebElement.click(RemoteWebElement.java:76)
at org.openqa.selenium.support.pagefactory.internal.LocatingElementHandler.invoke(LocatingElementHandler.java:51)
at jdk.proxy2/jdk.proxy2.$Proxy17.click(Unknown Source)
at com.comcast.hms.objectRepo_SYSTEM.PE2EPatientRegFirstPage.PatientCreationDetail(PE2EPatientRegFirstPage.java:129)
at com.comcast.hms.SystemTest_TestNg.PatientE2ETest.PatientE2E(PatientE2ETest.java:46)
at java.base/java.util.concurrent.ThreadPoolExecutor.runWorker(ThreadPoolExecutor.java:1144)
at java.base/java.util.concurrent.ThreadPoolExecutor$Worker.run(ThreadPoolExecutor.java:642)
at java.base/java.lang.Thread.run(Thread.java:1583)
... Removed 15 stack frames]]>
    </failure>
  </testcase> <!-- PatientE2E -->
  <testcase classname="com.comcast.hms.IntegrationTest_TestNG.ContactUsServicesIntegrationTest" name="verifyContactUsAndServices" time="40.791">
    <failure type="org.openqa.selenium.TimeoutException" message="Expected condition failed: waiting for alert to be present (tried for 30 second(s) with 500 milliseconds interval)
Build info: version: &amp;apos;4.27.0&amp;apos;, revision: &amp;apos;d6e718d134&amp;apos;
System info: os.name: &amp;apos;Windows 11&amp;apos;, os.arch: &amp;apos;amd64&amp;apos;, os.version: &amp;apos;10.0&amp;apos;, java.version: &amp;apos;21.0.7&amp;apos;
Driver info: org.openqa.selenium.chrome.ChromeDriver
Capabilities {acceptInsecureCerts: false, browserName: chrome, browserVersion: 140.0.7339.186, chrome: {chromedriverVersion: 140.0.7339.185 (eeea00e459e..., userDataDir: C:\Users\AYEESI~1\AppData\L...}, fedcm:accounts: true, goog:chromeOptions: {debuggerAddress: localhost:61995}, networkConnectionEnabled: false, pageLoadStrategy: normal, platformName: windows, proxy: Proxy(), se:cdp: ws://localhost:61995/devtoo..., se:cdpVersion: 140.0.7339.186, setWindowRect: true, strictFileInteractability: false, timeouts: {implicit: 0, pageLoad: 300000, script: 30000}, unhandledPromptBehavior: dismiss and notify, webauthn:extension:credBlob: true, webauthn:extension:largeBlob: true, webauthn:extension:minPinLength: true, webauthn:extension:prf: true, webauthn:virtualAuthenticators: true}
Session ID: 1047a37a7feaca94aa623a8c13bccfe0">
      <![CDATA[org.openqa.selenium.TimeoutException: Expected condition failed: waiting for alert to be present (tried for 30 second(s) with 500 milliseconds interval)
Build info: version: '4.27.0', revision: 'd6e718d134'
System info: os.name: 'Windows 11', os.arch: 'amd64', os.version: '10.0', java.version: '21.0.7'
Driver info: org.openqa.selenium.chrome.ChromeDriver
Capabilities {acceptInsecureCerts: false, browserName: chrome, browserVersion: 140.0.7339.186, chrome: {chromedriverVersion: 140.0.7339.185 (eeea00e459e..., userDataDir: C:\Users\AYEESI~1\AppData\L...}, fedcm:accounts: true, goog:chromeOptions: {debuggerAddress: localhost:61995}, networkConnectionEnabled: false, pageLoadStrategy: normal, platformName: windows, proxy: Proxy(), se:cdp: ws://localhost:61995/devtoo..., se:cdpVersion: 140.0.7339.186, setWindowRect: true, strictFileInteractability: false, timeouts: {implicit: 0, pageLoad: 300000, script: 30000}, unhandledPromptBehavior: dismiss and notify, webauthn:extension:credBlob: true, webauthn:extension:largeBlob: true, webauthn:extension:minPinLength: true, webauthn:extension:prf: true, webauthn:virtualAuthenticators: true}
Session ID: 1047a37a7feaca94aa623a8c13bccfe0
at org.openqa.selenium.support.ui.WebDriverWait.timeoutException(WebDriverWait.java:84)
at org.openqa.selenium.support.ui.FluentWait.until(FluentWait.java:228)
at com.comcast.hms.IntegrationTest_TestNG.ContactUsServicesIntegrationTest.verifyContactUsAndServices(ContactUsServicesIntegrationTest.java:44)
at java.base/java.util.concurrent.ThreadPoolExecutor.runWorker(ThreadPoolExecutor.java:1144)
at java.base/java.util.concurrent.ThreadPoolExecutor$Worker.run(ThreadPoolExecutor.java:642)
at java.base/java.lang.Thread.run(Thread.java:1583)
... Removed 10 stack frames]]>
    </failure>
  </testcase> <!-- verifyContactUsAndServices -->
  <testcase classname="com.comcast.hms.IntegrationTest_TestNG.AdminToContactUsQueryIntTest" name="AdminToContactUsQuery" time="57.521"/>
  <testcase classname="com.comcast.hms.SmokeTest_TestNG.LoginPageSMTest" name="verifyAdminLogin" time="28.283"/>
  <testcase classname="com.comcast.hms.SmokeTest_TestNG.AdminSearchPatientSmokeTest" name="AdminSearchSmoke" time="35.998"/>
  <testcase classname="com.comcast.hms.SystemTest_TestNg.PatientMedicalHistoryTest" name="PatientMedicalHistory" time="79.952"/>
  <testcase classname="com.comcast.hms.SmokeTest_TestNG.LoginPageSMTest" name="verifyDoctorLogin" time="18.294"/>
  <testcase classname="com.comcast.hms.IntegrationTest_TestNG.AdminToAboutUsIntTest" name="InformationIntegration" time="29.696"/>
  <testcase classname="com.comcast.hms.SmokeTest_TestNG.PatientRegistrationSMTest" name="PatientRegistrationSmoke" time="11.661"/>
  <testcase classname="com.comcast.hms.SmokeTest_TestNG.LoginPageSMTest" name="verifyPatientLogin" time="43.201"/>
  <testcase classname="com.comcast.hms.SystemTest_TestNg.AdminDoctorE2ETest" name="AdminDoctorE2E" time="93.105"/>
  <testcase classname="com.comcast.hms.SystemTest_TestNg.DoctorPatientE2ETest" name="DoctorPatientE2E" time="137.668"/>
  <testcase classname="com.comcast.hms.basetest_TestNG.BaseClassHMS" name="@BeforeSuite BFMethod" time="0.0">
    <ignored/>
  </testcase> <!-- @BeforeSuite BFMethod -->
  <testcase classname="com.comcast.hms.basetest_TestNG.BaseClassHMS" name="@BeforeSuite BFMethod" time="0.0">
    <ignored/>
  </testcase> <!-- @BeforeSuite BFMethod -->
  <testcase classname="com.comcast.hms.basetest_TestNG.BaseClassHMS" name="@BeforeSuite BFMethod" time="0.0">
    <ignored/>
  </testcase> <!-- @BeforeSuite BFMethod -->
  <testcase classname="com.comcast.hms.basetest_TestNG.BaseClassHMS" name="@BeforeSuite BFMethod" time="0.0">
    <ignored/>
  </testcase> <!-- @BeforeSuite BFMethod -->
  <testcase classname="com.comcast.hms.basetest_TestNG.BaseClassHMS" name="@BeforeSuite BFMethod" time="0.0">
    <ignored/>
  </testcase> <!-- @BeforeSuite BFMethod -->
  <testcase classname="com.comcast.hms.basetest_TestNG.BaseClassHMS" name="@BeforeSuite BFMethod" time="0.0">
    <ignored/>
  </testcase> <!-- @BeforeSuite BFMethod -->
  <testcase classname="com.comcast.hms.basetest_TestNG.BaseClassHMS" name="@BeforeSuite BFMethod" time="0.0">
    <ignored/>
  </testcase> <!-- @BeforeSuite BFMethod -->
  <testcase classname="com.comcast.hms.basetest_TestNG.BaseClassHMS" name="@BeforeSuite BFMethod" time="0.0">
    <ignored/>
  </testcase> <!-- @BeforeSuite BFMethod -->
  <testcase classname="com.comcast.hms.basetest_TestNG.BaseClassHMS" name="@BeforeSuite BFMethod" time="0.0">
    <ignored/>
  </testcase> <!-- @BeforeSuite BFMethod -->
  <testcase classname="com.comcast.hms.basetest_TestNG.BaseClassHMS" name="@BeforeSuite BFMethod" time="0.0">
    <ignored/>
  </testcase> <!-- @BeforeSuite BFMethod -->
</testsuite> <!-- Test -->
