<?xml version="1.0" encoding="UTF-8"?>
<!-- Generated by org.testng.reporters.JUnitReportReporter -->
<testsuite hostname="AICHHIKA-DELL" failures="0" tests="1" name="com.comcast.hms.SystemTest_TestNg.AdminDoctorE2ETest" time="57.674" errors="0" timestamp="2025-09-27T19:03:00 IST" skipped="0">
  <testcase classname="com.comcast.hms.SystemTest_TestNg.AdminDoctorE2ETest" name="AdminDoctorE2E" time="57.674"/>
  <system-out/>
</testsuite> <!-- com.comcast.hms.SystemTest_TestNg.AdminDoctorE2ETest -->
