<?xml version="1.0" encoding="UTF-8"?>
<!-- Generated by org.testng.reporters.JUnitReportReporter -->
<testsuite hostname="AICHHIKA-DELL" failures="0" tests="1" name="com.comcast.hms.SmokeTest_TestNG.AdminSearchSmokeTest" time="13.672" errors="0" timestamp="2025-09-19T22:13:45 IST" skipped="0">
  <testcase classname="com.comcast.hms.SmokeTest_TestNG.AdminSearchSmokeTest" name="AdminSearchSmoke" time="13.672"/>
  <system-out/>
</testsuite> <!-- com.comcast.hms.SmokeTest_TestNG.AdminSearchSmokeTest -->
