<?xml version="1.0" encoding="UTF-8"?>
<!-- Generated by org.testng.reporters.JUnitReportReporter -->
<testsuite hostname="AICHHIKA-DELL" failures="0" tests="1" name="com.comcast.hms.SmokeTest_TestNG.AdminSearchPatientSmokeTest" time="36.002" errors="0" timestamp="2025-09-21T22:26:11 IST" skipped="0">
  <testcase classname="com.comcast.hms.SmokeTest_TestNG.AdminSearchPatientSmokeTest" name="AdminSearchSmoke" time="36.002"/>
  <system-out/>
</testsuite> <!-- com.comcast.hms.SmokeTest_TestNG.AdminSearchPatientSmokeTest -->
