<?xml version="1.0" encoding="UTF-8"?>
<!-- Generated by org.testng.reporters.JUnitReportReporter -->
<testsuite hostname="AICHHIKA-DELL" failures="0" tests="1" name="com.comcast.hms.IntegrationTest_TestNG.AdminToContactUsQueryTest" time="14.353" errors="0" timestamp="2025-09-19T23:44:44 IST" skipped="0">
  <testcase classname="com.comcast.hms.IntegrationTest_TestNG.AdminToContactUsQueryTest" name="AdminToContactUsQuery" time="14.353"/>
  <system-out/>
</testsuite> <!-- com.comcast.hms.IntegrationTest_TestNG.AdminToContactUsQueryTest -->
