<?xml version="1.0" encoding="UTF-8"?>
<!-- Generated by org.testng.reporters.JUnitReportReporter -->
<testsuite hostname="AICHHIKA-DELL" failures="0" tests="1" name="com.comcast.hms.SmokeTest_TestNG.PatientRegistrationSmokeTest" time="0.377" errors="0" timestamp="2025-09-20T10:43:58 IST" skipped="0">
  <testcase classname="com.comcast.hms.SmokeTest_TestNG.PatientRegistrationSmokeTest" name="PatientRegistrationSmoke" time="0.377"/>
  <system-out/>
</testsuite> <!-- com.comcast.hms.SmokeTest_TestNG.PatientRegistrationSmokeTest -->
