<?xml version="1.0" encoding="UTF-8"?>
<!-- Generated by org.testng.reporters.JUnitReportReporter -->
<testsuite hostname="AICHHIKA-DELL" failures="0" tests="3" name="com.comcast.hms.SmokeTest_TestNG.LoginPageSMTest" time="23.392" errors="0" timestamp="2025-09-27T19:03:00 IST" skipped="0">
  <testcase classname="com.comcast.hms.SmokeTest_TestNG.LoginPageSMTest" name="verifyDoctorLogin" time="2.805"/>
  <system-out/>
  <testcase classname="com.comcast.hms.SmokeTest_TestNG.LoginPageSMTest" name="verifyPatientLogin" time="18.249"/>
  <system-out/>
  <testcase classname="com.comcast.hms.SmokeTest_TestNG.LoginPageSMTest" name="verifyAdminLogin" time="2.338"/>
  <system-out/>
</testsuite> <!-- com.comcast.hms.SmokeTest_TestNG.LoginPageSMTest -->
