<?xml version="1.0" encoding="UTF-8"?>
<!-- Generated by org.testng.reporters.JUnitReportReporter -->
<testsuite hostname="AICHHIKA-DELL" failures="0" tests="3" name="com.comcast.hms.SmokeTest_TestNG.LoginPageSmokeTest" time="18.674" errors="0" timestamp="2025-09-17T20:56:31 IST" skipped="0">
  <testcase classname="com.comcast.hms.SmokeTest_TestNG.LoginPageSmokeTest" name="verifyPatientLogin" time="17.090"/>
  <system-out/>
  <testcase classname="com.comcast.hms.SmokeTest_TestNG.LoginPageSmokeTest" name="verifyAdminLogin" time="0.856"/>
  <system-out/>
  <testcase classname="com.comcast.hms.SmokeTest_TestNG.LoginPageSmokeTest" name="verifyDoctorLogin" time="0.728"/>
  <system-out/>
</testsuite> <!-- com.comcast.hms.SmokeTest_TestNG.LoginPageSmokeTest -->
