<?xml version="1.0" encoding="UTF-8"?>
<!-- Generated by org.testng.reporters.JUnitReportReporter -->
<testsuite hostname="AICHHIKA-DELL" failures="0" tests="1" name="com.comcast.hms.IntegrationTest_TestNG.InformationIntegrationTest" time="17.981" errors="0" timestamp="2025-09-19T23:46:23 IST" skipped="0">
  <testcase classname="com.comcast.hms.IntegrationTest_TestNG.InformationIntegrationTest" name="InformationIntegration" time="17.981"/>
  <system-out/>
</testsuite> <!-- com.comcast.hms.IntegrationTest_TestNG.InformationIntegrationTest -->
