<?xml version="1.0" encoding="UTF-8"?>
<!-- Generated by org.testng.reporters.JUnitReportReporter -->
<testsuite hostname="AICHHIKA-DELL" failures="0" tests="3" name="com.comcast.hms.SmokeTest_TestNG.LoginPageSMTest" time="89.794" errors="0" timestamp="2025-09-21T22:26:11 IST" skipped="0">
  <testcase classname="com.comcast.hms.SmokeTest_TestNG.LoginPageSMTest" name="verifyPatientLogin" time="43.207"/>
  <system-out/>
  <testcase classname="com.comcast.hms.SmokeTest_TestNG.LoginPageSMTest" name="verifyDoctorLogin" time="18.299"/>
  <system-out/>
  <testcase classname="com.comcast.hms.SmokeTest_TestNG.LoginPageSMTest" name="verifyAdminLogin" time="28.288"/>
  <system-out/>
</testsuite> <!-- com.comcast.hms.SmokeTest_TestNG.LoginPageSMTest -->
