<?xml version="1.0" encoding="UTF-8"?>
<!-- Generated by org.testng.reporters.JUnitReportReporter -->
<testsuite hostname="AICHHIKA-DELL" failures="0" tests="1" name="com.comcast.hms.SmokeTest_TestNG.ListOfDepartmentSmokeTest" time="20.421" errors="0" timestamp="2025-09-27T19:03:00 IST" skipped="0">
  <testcase classname="com.comcast.hms.SmokeTest_TestNG.ListOfDepartmentSmokeTest" name="ListOfDepartmentSmoke" time="20.421"/>
  <system-out/>
</testsuite> <!-- com.comcast.hms.SmokeTest_TestNG.ListOfDepartmentSmokeTest -->
