<?xml version="1.0" encoding="UTF-8"?>
<!-- Generated by org.testng.reporters.JUnitReportReporter -->
<testsuite hostname="AICHHIKA-DELL" failures="0" tests="1" name="com.comcast.hms.IntegrationTest_TestNG.ContactUsQueryIntegrationTesting" time="5.126" errors="0" timestamp="2025-09-17T10:59:05 IST" skipped="0">
  <testcase classname="com.comcast.hms.IntegrationTest_TestNG.ContactUsQueryIntegrationTesting" name="ContactUsQuery" time="5.126"/>
  <system-out/>
</testsuite> <!-- com.comcast.hms.IntegrationTest_TestNG.ContactUsQueryIntegrationTesting -->
