<?xml version="1.0" encoding="UTF-8"?>
<!-- Generated by org.testng.reporters.JUnitReportReporter -->
<testsuite hostname="AICHHIKA-DELL" failures="0" tests="1" name="com.comcast.hms.SystemTest_TestNg.DoctorPatientSystemTest" time="7.804" errors="1" timestamp="2025-09-18T23:34:17 IST" skipped="0">
  <testcase classname="com.comcast.hms.SystemTest_TestNg.DoctorPatientSystemTest" name="RegistrationToDoctor" time="7.804">
    <error type="java.lang.StackOverflowError">
      <![CDATA[java.lang.StackOverflowError
at com.comcast.hms.objectRepo_SYSTEM.PatientLoginPage.getPatientEdt(PatientLoginPage.java:53)
at com.comcast.hms.objectRepo_SYSTEM.PatientLoginPage.getPatientEdt(PatientLoginPage.java:53)
at com.comcast.hms.objectRepo_SYSTEM.PatientLoginPage.getPatientEdt(PatientLoginPage.java:53)
at com.comcast.hms.objectRepo_SYSTEM.PatientLoginPage.getPatientEdt(PatientLoginPage.java:53)
at com.comcast.hms.objectRepo_SYSTEM.PatientLoginPage.getPatientEdt(PatientLoginPage.java:53)
at com.comcast.hms.objectRepo_SYSTEM.PatientLoginPage.getPatientEdt(PatientLoginPage.java:53)
at com.comcast.hms.objectRepo_SYSTEM.PatientLoginPage.getPatientEdt(PatientLoginPage.java:53)
at com.comcast.hms.objectRepo_SYSTEM.PatientLoginPage.getPatientEdt(PatientLoginPage.java:53)
at com.comcast.hms.objectRepo_SYSTEM.PatientLoginPage.getPatientEdt(PatientLoginPage.java:53)
at com.comcast.hms.objectRepo_SYSTEM.PatientLoginPage.getPatientEdt(PatientLoginPage.java:53)
at com.comcast.hms.objectRepo_SYSTEM.PatientLoginPage.getPatientEdt(PatientLoginPage.java:53)
at com.comcast.hms.objectRepo_SYSTEM.PatientLoginPage.getPatientEdt(PatientLoginPage.java:53)
at com.comcast.hms.objectRepo_SYSTEM.PatientLoginPage.getPatientEdt(PatientLoginPage.java:53)
at com.comcast.hms.objectRepo_SYSTEM.PatientLoginPage.getPatientEdt(PatientLoginPage.java:53)
at com.comcast.hms.objectRepo_SYSTEM.PatientLoginPage.getPatientEdt(PatientLoginPage.java:53)
at com.comcast.hms.objectRepo_SYSTEM.PatientLoginPage.getPatientEdt(PatientLoginPage.java:53)
at com.comcast.hms.objectRepo_SYSTEM.PatientLoginPage.getPatientEdt(PatientLoginPage.java:53)
at com.comcast.hms.objectRepo_SYSTEM.PatientLoginPage.getPatientEdt(PatientLoginPage.java:53)
at com.comcast.hms.objectRepo_SYSTEM.PatientLoginPage.getPatientEdt(PatientLoginPage.java:53)
at com.comcast.hms.objectRepo_SYSTEM.PatientLoginPage.getPatientEdt(PatientLoginPage.java:53)
at com.comcast.hms.objectRepo_SYSTEM.PatientLoginPage.getPatientEdt(PatientLoginPage.java:53)
at com.comcast.hms.objectRepo_SYSTEM.PatientLoginPage.getPatientEdt(PatientLoginPage.java:53)
at com.comcast.hms.objectRepo_SYSTEM.PatientLoginPage.getPatientEdt(PatientLoginPage.java:53)
at com.comcast.hms.objectRepo_SYSTEM.PatientLoginPage.getPatientEdt(PatientLoginPage.java:53)
at com.comcast.hms.objectRepo_SYSTEM.PatientLoginPage.getPatientEdt(PatientLoginPage.java:53)
at com.comcast.hms.objectRepo_SYSTEM.PatientLoginPage.getPatientEdt(PatientLoginPage.java:53)
at com.comcast.hms.objectRepo_SYSTEM.PatientLoginPage.getPatientEdt(PatientLoginPage.java:53)
at com.comcast.hms.objectRepo_SYSTEM.PatientLoginPage.getPatientEdt(PatientLoginPage.java:53)
at com.comcast.hms.objectRepo_SYSTEM.PatientLoginPage.getPatientEdt(PatientLoginPage.java:53)
at com.comcast.hms.objectRepo_SYSTEM.PatientLoginPage.getPatientEdt(PatientLoginPage.java:53)
at com.comcast.hms.objectRepo_SYSTEM.PatientLoginPage.getPatientEdt(PatientLoginPage.java:53)
at com.comcast.hms.objectRepo_SYSTEM.PatientLoginPage.getPatientEdt(PatientLoginPage.java:53)
at com.comcast.hms.objectRepo_SYSTEM.PatientLoginPage.getPatientEdt(PatientLoginPage.java:53)
at com.comcast.hms.objectRepo_SYSTEM.PatientLoginPage.getPatientEdt(PatientLoginPage.java:53)
at com.comcast.hms.objectRepo_SYSTEM.PatientLoginPage.getPatientEdt(PatientLoginPage.java:53)
at com.comcast.hms.objectRepo_SYSTEM.PatientLoginPage.getPatientEdt(PatientLoginPage.java:53)
at com.comcast.hms.objectRepo_SYSTEM.PatientLoginPage.getPatientEdt(PatientLoginPage.java:53)
at com.comcast.hms.objectRepo_SYSTEM.PatientLoginPage.getPatientEdt(PatientLoginPage.java:53)
at com.comcast.hms.objectRepo_SYSTEM.PatientLoginPage.getPatientEdt(PatientLoginPage.java:53)
at com.comcast.hms.objectRepo_SYSTEM.PatientLoginPage.getPatientEdt(PatientLoginPage.java:53)
at com.comcast.hms.objectRepo_SYSTEM.PatientLoginPage.getPatientEdt(PatientLoginPage.java:53)
at com.comcast.hms.objectRepo_SYSTEM.PatientLoginPage.getPatientEdt(PatientLoginPage.java:53)
at com.comcast.hms.objectRepo_SYSTEM.PatientLoginPage.getPatientEdt(PatientLoginPage.java:53)
at com.comcast.hms.objectRepo_SYSTEM.PatientLoginPage.getPatientEdt(PatientLoginPage.java:53)
at com.comcast.hms.objectRepo_SYSTEM.PatientLoginPage.getPatientEdt(PatientLoginPage.java:53)
at com.comcast.hms.objectRepo_SYSTEM.PatientLoginPage.getPatientEdt(PatientLoginPage.java:53)
at com.comcast.hms.objectRepo_SYSTEM.PatientLoginPage.getPatientEdt(PatientLoginPage.java:53)
at com.comcast.hms.objectRepo_SYSTEM.PatientLoginPage.getPatientEdt(PatientLoginPage.java:53)
at com.comcast.hms.objectRepo_SYSTEM.PatientLoginPage.getPatientEdt(PatientLoginPage.java:53)
at com.comcast.hms.objectRepo_SYSTEM.PatientLoginPage.getPatientEdt(PatientLoginPage.java:53)
at com.comcast.hms.objectRepo_SYSTEM.PatientLoginPage.getPatientEdt(PatientLoginPage.java:53)
at com.comcast.hms.objectRepo_SYSTEM.PatientLoginPage.getPatientEdt(PatientLoginPage.java:53)
at com.comcast.hms.objectRepo_SYSTEM.PatientLoginPage.getPatientEdt(PatientLoginPage.java:53)
at com.comcast.hms.objectRepo_SYSTEM.PatientLoginPage.getPatientEdt(PatientLoginPage.java:53)
at com.comcast.hms.objectRepo_SYSTEM.PatientLoginPage.getPatientEdt(PatientLoginPage.java:53)
at com.comcast.hms.objectRepo_SYSTEM.PatientLoginPage.getPatientEdt(PatientLoginPage.java:53)
at com.comcast.hms.objectRepo_SYSTEM.PatientLoginPage.getPatientEdt(PatientLoginPage.java:53)
at com.comcast.hms.objectRepo_SYSTEM.PatientLoginPage.getPatientEdt(PatientLoginPage.java:53)
at com.comcast.hms.objectRepo_SYSTEM.PatientLoginPage.getPatientEdt(PatientLoginPage.java:53)
at com.comcast.hms.objectRepo_SYSTEM.PatientLoginPage.getPatientEdt(PatientLoginPage.java:53)
at com.comcast.hms.objectRepo_SYSTEM.PatientLoginPage.getPatientEdt(PatientLoginPage.java:53)
at com.comcast.hms.objectRepo_SYSTEM.PatientLoginPage.getPatientEdt(PatientLoginPage.java:53)
at com.comcast.hms.objectRepo_SYSTEM.PatientLoginPage.getPatientEdt(PatientLoginPage.java:53)
at com.comcast.hms.objectRepo_SYSTEM.PatientLoginPage.getPatientEdt(PatientLoginPage.java:53)
at com.comcast.hms.objectRepo_SYSTEM.PatientLoginPage.getPatientEdt(PatientLoginPage.java:53)
at com.comcast.hms.objectRepo_SYSTEM.PatientLoginPage.getPatientEdt(PatientLoginPage.java:53)
at com.comcast.hms.objectRepo_SYSTEM.PatientLoginPage.getPatientEdt(PatientLoginPage.java:53)
at com.comcast.hms.objectRepo_SYSTEM.PatientLoginPage.getPatientEdt(PatientLoginPage.java:53)
at com.comcast.hms.objectRepo_SYSTEM.PatientLoginPage.getPatientEdt(PatientLoginPage.java:53)
at com.comcast.hms.objectRepo_SYSTEM.PatientLoginPage.getPatientEdt(PatientLoginPage.java:53)
at com.comcast.hms.objectRepo_SYSTEM.PatientLoginPage.getPatientEdt(PatientLoginPage.java:53)
at com.comcast.hms.objectRepo_SYSTEM.PatientLoginPage.getPatientEdt(PatientLoginPage.java:53)
at com.comcast.hms.objectRepo_SYSTEM.PatientLoginPage.getPatientEdt(PatientLoginPage.java:53)
at com.comcast.hms.objectRepo_SYSTEM.PatientLoginPage.getPatientEdt(PatientLoginPage.java:53)
at com.comcast.hms.objectRepo_SYSTEM.PatientLoginPage.getPatientEdt(PatientLoginPage.java:53)
at com.comcast.hms.objectRepo_SYSTEM.PatientLoginPage.getPatientEdt(PatientLoginPage.java:53)
at com.comcast.hms.objectRepo_SYSTEM.PatientLoginPage.getPatientEdt(PatientLoginPage.java:53)
at com.comcast.hms.objectRepo_SYSTEM.PatientLoginPage.getPatientEdt(PatientLoginPage.java:53)
at com.comcast.hms.objectRepo_SYSTEM.PatientLoginPage.getPatientEdt(PatientLoginPage.java:53)
at com.comcast.hms.objectRepo_SYSTEM.PatientLoginPage.getPatientEdt(PatientLoginPage.java:53)
at com.comcast.hms.objectRepo_SYSTEM.PatientLoginPage.getPatientEdt(PatientLoginPage.java:53)
at com.comcast.hms.objectRepo_SYSTEM.PatientLoginPage.getPatientEdt(PatientLoginPage.java:53)
at com.comcast.hms.objectRepo_SYSTEM.PatientLoginPage.getPatientEdt(PatientLoginPage.java:53)
at com.comcast.hms.objectRepo_SYSTEM.PatientLoginPage.getPatientEdt(PatientLoginPage.java:53)
at com.comcast.hms.objectRepo_SYSTEM.PatientLoginPage.getPatientEdt(PatientLoginPage.java:53)
at com.comcast.hms.objectRepo_SYSTEM.PatientLoginPage.getPatientEdt(PatientLoginPage.java:53)
at com.comcast.hms.objectRepo_SYSTEM.PatientLoginPage.getPatientEdt(PatientLoginPage.java:53)
at com.comcast.hms.objectRepo_SYSTEM.PatientLoginPage.getPatientEdt(PatientLoginPage.java:53)
at com.comcast.hms.objectRepo_SYSTEM.PatientLoginPage.getPatientEdt(PatientLoginPage.java:53)
at com.comcast.hms.objectRepo_SYSTEM.PatientLoginPage.getPatientEdt(PatientLoginPage.java:53)
at com.comcast.hms.objectRepo_SYSTEM.PatientLoginPage.getPatientEdt(PatientLoginPage.java:53)
at com.comcast.hms.objectRepo_SYSTEM.PatientLoginPage.getPatientEdt(PatientLoginPage.java:53)
at com.comcast.hms.objectRepo_SYSTEM.PatientLoginPage.getPatientEdt(PatientLoginPage.java:53)
at com.comcast.hms.objectRepo_SYSTEM.PatientLoginPage.getPatientEdt(PatientLoginPage.java:53)
at com.comcast.hms.objectRepo_SYSTEM.PatientLoginPage.getPatientEdt(PatientLoginPage.java:53)
at com.comcast.hms.objectRepo_SYSTEM.PatientLoginPage.getPatientEdt(PatientLoginPage.java:53)
at com.comcast.hms.objectRepo_SYSTEM.PatientLoginPage.getPatientEdt(PatientLoginPage.java:53)
at com.comcast.hms.objectRepo_SYSTEM.PatientLoginPage.getPatientEdt(PatientLoginPage.java:53)
at com.comcast.hms.objectRepo_SYSTEM.PatientLoginPage.getPatientEdt(PatientLoginPage.java:53)
at com.comcast.hms.objectRepo_SYSTEM.PatientLoginPage.getPatientEdt(PatientLoginPage.java:53)
at com.comcast.hms.objectRepo_SYSTEM.PatientLoginPage.getPatientEdt(PatientLoginPage.java:53)
at com.comcast.hms.objectRepo_SYSTEM.PatientLoginPage.getPatientEdt(PatientLoginPage.java:53)
at com.comcast.hms.objectRepo_SYSTEM.PatientLoginPage.getPatientEdt(PatientLoginPage.java:53)
at com.comcast.hms.objectRepo_SYSTEM.PatientLoginPage.getPatientEdt(PatientLoginPage.java:53)
at com.comcast.hms.objectRepo_SYSTEM.PatientLoginPage.getPatientEdt(PatientLoginPage.java:53)
at com.comcast.hms.objectRepo_SYSTEM.PatientLoginPage.getPatientEdt(PatientLoginPage.java:53)
at com.comcast.hms.objectRepo_SYSTEM.PatientLoginPage.getPatientEdt(PatientLoginPage.java:53)
at com.comcast.hms.objectRepo_SYSTEM.PatientLoginPage.getPatientEdt(PatientLoginPage.java:53)
at com.comcast.hms.objectRepo_SYSTEM.PatientLoginPage.getPatientEdt(PatientLoginPage.java:53)
at com.comcast.hms.objectRepo_SYSTEM.PatientLoginPage.getPatientEdt(PatientLoginPage.java:53)
at com.comcast.hms.objectRepo_SYSTEM.PatientLoginPage.getPatientEdt(PatientLoginPage.java:53)
at com.comcast.hms.objectRepo_SYSTEM.PatientLoginPage.getPatientEdt(PatientLoginPage.java:53)
at com.comcast.hms.objectRepo_SYSTEM.PatientLoginPage.getPatientEdt(PatientLoginPage.java:53)
at com.comcast.hms.objectRepo_SYSTEM.PatientLoginPage.getPatientEdt(PatientLoginPage.java:53)
at com.comcast.hms.objectRepo_SYSTEM.PatientLoginPage.getPatientEdt(PatientLoginPage.java:53)
at com.comcast.hms.objectRepo_SYSTEM.PatientLoginPage.getPatientEdt(PatientLoginPage.java:53)
at com.comcast.hms.objectRepo_SYSTEM.PatientLoginPage.getPatientEdt(PatientLoginPage.java:53)
at com.comcast.hms.objectRepo_SYSTEM.PatientLoginPage.getPatientEdt(PatientLoginPage.java:53)
at com.comcast.hms.objectRepo_SYSTEM.PatientLoginPage.getPatientEdt(PatientLoginPage.java:53)
at com.comcast.hms.objectRepo_SYSTEM.PatientLoginPage.getPatientEdt(PatientLoginPage.java:53)
at com.comcast.hms.objectRepo_SYSTEM.PatientLoginPage.getPatientEdt(PatientLoginPage.java:53)
at com.comcast.hms.objectRepo_SYSTEM.PatientLoginPage.getPatientEdt(PatientLoginPage.java:53)
at com.comcast.hms.objectRepo_SYSTEM.PatientLoginPage.getPatientEdt(PatientLoginPage.java:53)
at com.comcast.hms.objectRepo_SYSTEM.PatientLoginPage.getPatientEdt(PatientLoginPage.java:53)
at com.comcast.hms.objectRepo_SYSTEM.PatientLoginPage.getPatientEdt(PatientLoginPage.java:53)
at com.comcast.hms.objectRepo_SYSTEM.PatientLoginPage.getPatientEdt(PatientLoginPage.java:53)
at com.comcast.hms.objectRepo_SYSTEM.PatientLoginPage.getPatientEdt(PatientLoginPage.java:53)
at com.comcast.hms.objectRepo_SYSTEM.PatientLoginPage.getPatientEdt(PatientLoginPage.java:53)
at com.comcast.hms.objectRepo_SYSTEM.PatientLoginPage.getPatientEdt(PatientLoginPage.java:53)
at com.comcast.hms.objectRepo_SYSTEM.PatientLoginPage.getPatientEdt(PatientLoginPage.java:53)
at com.comcast.hms.objectRepo_SYSTEM.PatientLoginPage.getPatientEdt(PatientLoginPage.java:53)
at com.comcast.hms.objectRepo_SYSTEM.PatientLoginPage.getPatientEdt(PatientLoginPage.java:53)
at com.comcast.hms.objectRepo_SYSTEM.PatientLoginPage.getPatientEdt(PatientLoginPage.java:53)
at com.comcast.hms.objectRepo_SYSTEM.PatientLoginPage.getPatientEdt(PatientLoginPage.java:53)
at com.comcast.hms.objectRepo_SYSTEM.PatientLoginPage.getPatientEdt(PatientLoginPage.java:53)
at com.comcast.hms.objectRepo_SYSTEM.PatientLoginPage.getPatientEdt(PatientLoginPage.java:53)
at com.comcast.hms.objectRepo_SYSTEM.PatientLoginPage.getPatientEdt(PatientLoginPage.java:53)
at com.comcast.hms.objectRepo_SYSTEM.PatientLoginPage.getPatientEdt(PatientLoginPage.java:53)
at com.comcast.hms.objectRepo_SYSTEM.PatientLoginPage.getPatientEdt(PatientLoginPage.java:53)
at com.comcast.hms.objectRepo_SYSTEM.PatientLoginPage.getPatientEdt(PatientLoginPage.java:53)
at com.comcast.hms.objectRepo_SYSTEM.PatientLoginPage.getPatientEdt(PatientLoginPage.java:53)
at com.comcast.hms.objectRepo_SYSTEM.PatientLoginPage.getPatientEdt(PatientLoginPage.java:53)
at com.comcast.hms.objectRepo_SYSTEM.PatientLoginPage.getPatientEdt(PatientLoginPage.java:53)
at com.comcast.hms.objectRepo_SYSTEM.PatientLoginPage.getPatientEdt(PatientLoginPage.java:53)
at com.comcast.hms.objectRepo_SYSTEM.PatientLoginPage.getPatientEdt(PatientLoginPage.java:53)
at com.comcast.hms.objectRepo_SYSTEM.PatientLoginPage.getPatientEdt(PatientLoginPage.java:53)
at com.comcast.hms.objectRepo_SYSTEM.PatientLoginPage.getPatientEdt(PatientLoginPage.java:53)
at com.comcast.hms.objectRepo_SYSTEM.PatientLoginPage.getPatientEdt(PatientLoginPage.java:53)
at com.comcast.hms.objectRepo_SYSTEM.PatientLoginPage.getPatientEdt(PatientLoginPage.java:53)
at com.comcast.hms.objectRepo_SYSTEM.PatientLoginPage.getPatientEdt(PatientLoginPage.java:53)
at com.comcast.hms.objectRepo_SYSTEM.PatientLoginPage.getPatientEdt(PatientLoginPage.java:53)
at com.comcast.hms.objectRepo_SYSTEM.PatientLoginPage.getPatientEdt(PatientLoginPage.java:53)
at com.comcast.hms.objectRepo_SYSTEM.PatientLoginPage.getPatientEdt(PatientLoginPage.java:53)
at com.comcast.hms.objectRepo_SYSTEM.PatientLoginPage.getPatientEdt(PatientLoginPage.java:53)
at com.comcast.hms.objectRepo_SYSTEM.PatientLoginPage.getPatientEdt(PatientLoginPage.java:53)
at com.comcast.hms.objectRepo_SYSTEM.PatientLoginPage.getPatientEdt(PatientLoginPage.java:53)
at com.comcast.hms.objectRepo_SYSTEM.PatientLoginPage.getPatientEdt(PatientLoginPage.java:53)
at com.comcast.hms.objectRepo_SYSTEM.PatientLoginPage.getPatientEdt(PatientLoginPage.java:53)
at com.comcast.hms.objectRepo_SYSTEM.PatientLoginPage.getPatientEdt(PatientLoginPage.java:53)
at com.comcast.hms.objectRepo_SYSTEM.PatientLoginPage.getPatientEdt(PatientLoginPage.java:53)
at com.comcast.hms.objectRepo_SYSTEM.PatientLoginPage.getPatientEdt(PatientLoginPage.java:53)
at com.comcast.hms.objectRepo_SYSTEM.PatientLoginPage.getPatientEdt(PatientLoginPage.java:53)
at com.comcast.hms.objectRepo_SYSTEM.PatientLoginPage.getPatientEdt(PatientLoginPage.java:53)
at com.comcast.hms.objectRepo_SYSTEM.PatientLoginPage.getPatientEdt(PatientLoginPage.java:53)
at com.comcast.hms.objectRepo_SYSTEM.PatientLoginPage.getPatientEdt(PatientLoginPage.java:53)
at com.comcast.hms.objectRepo_SYSTEM.PatientLoginPage.getPatientEdt(PatientLoginPage.java:53)
at com.comcast.hms.objectRepo_SYSTEM.PatientLoginPage.getPatientEdt(PatientLoginPage.java:53)
at com.comcast.hms.objectRepo_SYSTEM.PatientLoginPage.getPatientEdt(PatientLoginPage.java:53)
at com.comcast.hms.objectRepo_SYSTEM.PatientLoginPage.getPatientEdt(PatientLoginPage.java:53)
at com.comcast.hms.objectRepo_SYSTEM.PatientLoginPage.getPatientEdt(PatientLoginPage.java:53)
at com.comcast.hms.objectRepo_SYSTEM.PatientLoginPage.getPatientEdt(PatientLoginPage.java:53)
at com.comcast.hms.objectRepo_SYSTEM.PatientLoginPage.getPatientEdt(PatientLoginPage.java:53)
at com.comcast.hms.objectRepo_SYSTEM.PatientLoginPage.getPatientEdt(PatientLoginPage.java:53)
at com.comcast.hms.objectRepo_SYSTEM.PatientLoginPage.getPatientEdt(PatientLoginPage.java:53)
at com.comcast.hms.objectRepo_SYSTEM.PatientLoginPage.getPatientEdt(PatientLoginPage.java:53)
at com.comcast.hms.objectRepo_SYSTEM.PatientLoginPage.getPatientEdt(PatientLoginPage.java:53)
at com.comcast.hms.objectRepo_SYSTEM.PatientLoginPage.getPatientEdt(PatientLoginPage.java:53)
at com.comcast.hms.objectRepo_SYSTEM.PatientLoginPage.getPatientEdt(PatientLoginPage.java:53)
at com.comcast.hms.objectRepo_SYSTEM.PatientLoginPage.getPatientEdt(PatientLoginPage.java:53)
at com.comcast.hms.objectRepo_SYSTEM.PatientLoginPage.getPatientEdt(PatientLoginPage.java:53)
at com.comcast.hms.objectRepo_SYSTEM.PatientLoginPage.getPatientEdt(PatientLoginPage.java:53)
at com.comcast.hms.objectRepo_SYSTEM.PatientLoginPage.getPatientEdt(PatientLoginPage.java:53)
at com.comcast.hms.objectRepo_SYSTEM.PatientLoginPage.getPatientEdt(PatientLoginPage.java:53)
at com.comcast.hms.objectRepo_SYSTEM.PatientLoginPage.getPatientEdt(PatientLoginPage.java:53)
at com.comcast.hms.objectRepo_SYSTEM.PatientLoginPage.getPatientEdt(PatientLoginPage.java:53)
at com.comcast.hms.objectRepo_SYSTEM.PatientLoginPage.getPatientEdt(PatientLoginPage.java:53)
at com.comcast.hms.objectRepo_SYSTEM.PatientLoginPage.getPatientEdt(PatientLoginPage.java:53)
at com.comcast.hms.objectRepo_SYSTEM.PatientLoginPage.getPatientEdt(PatientLoginPage.java:53)
at com.comcast.hms.objectRepo_SYSTEM.PatientLoginPage.getPatientEdt(PatientLoginPage.java:53)
at com.comcast.hms.objectRepo_SYSTEM.PatientLoginPage.getPatientEdt(PatientLoginPage.java:53)
at com.comcast.hms.objectRepo_SYSTEM.PatientLoginPage.getPatientEdt(PatientLoginPage.java:53)
at com.comcast.hms.objectRepo_SYSTEM.PatientLoginPage.getPatientEdt(PatientLoginPage.java:53)
at com.comcast.hms.objectRepo_SYSTEM.PatientLoginPage.getPatientEdt(PatientLoginPage.java:53)
at com.comcast.hms.objectRepo_SYSTEM.PatientLoginPage.getPatientEdt(PatientLoginPage.java:53)
at com.comcast.hms.objectRepo_SYSTEM.PatientLoginPage.getPatientEdt(PatientLoginPage.java:53)
at com.comcast.hms.objectRepo_SYSTEM.PatientLoginPage.getPatientEdt(PatientLoginPage.java:53)
at com.comcast.hms.objectRepo_SYSTEM.PatientLoginPage.getPatientEdt(PatientLoginPage.java:53)
at com.comcast.hms.objectRepo_SYSTEM.PatientLoginPage.getPatientEdt(PatientLoginPage.java:53)
at com.comcast.hms.objectRepo_SYSTEM.PatientLoginPage.getPatientEdt(PatientLoginPage.java:53)
at com.comcast.hms.objectRepo_SYSTEM.PatientLoginPage.getPatientEdt(PatientLoginPage.java:53)
at com.comcast.hms.objectRepo_SYSTEM.PatientLoginPage.getPatientEdt(PatientLoginPage.java:53)
at com.comcast.hms.objectRepo_SYSTEM.PatientLoginPage.getPatientEdt(PatientLoginPage.java:53)
at com.comcast.hms.objectRepo_SYSTEM.PatientLoginPage.getPatientEdt(PatientLoginPage.java:53)
at com.comcast.hms.objectRepo_SYSTEM.PatientLoginPage.getPatientEdt(PatientLoginPage.java:53)
at com.comcast.hms.objectRepo_SYSTEM.PatientLoginPage.getPatientEdt(PatientLoginPage.java:53)
at com.comcast.hms.objectRepo_SYSTEM.PatientLoginPage.getPatientEdt(PatientLoginPage.java:53)
at com.comcast.hms.objectRepo_SYSTEM.PatientLoginPage.getPatientEdt(PatientLoginPage.java:53)
at com.comcast.hms.objectRepo_SYSTEM.PatientLoginPage.getPatientEdt(PatientLoginPage.java:53)
at com.comcast.hms.objectRepo_SYSTEM.PatientLoginPage.getPatientEdt(PatientLoginPage.java:53)
at com.comcast.hms.objectRepo_SYSTEM.PatientLoginPage.getPatientEdt(PatientLoginPage.java:53)
at com.comcast.hms.objectRepo_SYSTEM.PatientLoginPage.getPatientEdt(PatientLoginPage.java:53)
at com.comcast.hms.objectRepo_SYSTEM.PatientLoginPage.getPatientEdt(PatientLoginPage.java:53)
at com.comcast.hms.objectRepo_SYSTEM.PatientLoginPage.getPatientEdt(PatientLoginPage.java:53)
at com.comcast.hms.objectRepo_SYSTEM.PatientLoginPage.getPatientEdt(PatientLoginPage.java:53)
at com.comcast.hms.objectRepo_SYSTEM.PatientLoginPage.getPatientEdt(PatientLoginPage.java:53)
at com.comcast.hms.objectRepo_SYSTEM.PatientLoginPage.getPatientEdt(PatientLoginPage.java:53)
at com.comcast.hms.objectRepo_SYSTEM.PatientLoginPage.getPatientEdt(PatientLoginPage.java:53)
at com.comcast.hms.objectRepo_SYSTEM.PatientLoginPage.getPatientEdt(PatientLoginPage.java:53)
at com.comcast.hms.objectRepo_SYSTEM.PatientLoginPage.getPatientEdt(PatientLoginPage.java:53)
at com.comcast.hms.objectRepo_SYSTEM.PatientLoginPage.getPatientEdt(PatientLoginPage.java:53)
at com.comcast.hms.objectRepo_SYSTEM.PatientLoginPage.getPatientEdt(PatientLoginPage.java:53)
at com.comcast.hms.objectRepo_SYSTEM.PatientLoginPage.getPatientEdt(PatientLoginPage.java:53)
at com.comcast.hms.objectRepo_SYSTEM.PatientLoginPage.getPatientEdt(PatientLoginPage.java:53)
at com.comcast.hms.objectRepo_SYSTEM.PatientLoginPage.getPatientEdt(PatientLoginPage.java:53)
at com.comcast.hms.objectRepo_SYSTEM.PatientLoginPage.getPatientEdt(PatientLoginPage.java:53)
at com.comcast.hms.objectRepo_SYSTEM.PatientLoginPage.getPatientEdt(PatientLoginPage.java:53)
at com.comcast.hms.objectRepo_SYSTEM.PatientLoginPage.getPatientEdt(PatientLoginPage.java:53)
at com.comcast.hms.objectRepo_SYSTEM.PatientLoginPage.getPatientEdt(PatientLoginPage.java:53)
at com.comcast.hms.objectRepo_SYSTEM.PatientLoginPage.getPatientEdt(PatientLoginPage.java:53)
at com.comcast.hms.objectRepo_SYSTEM.PatientLoginPage.getPatientEdt(PatientLoginPage.java:53)
at com.comcast.hms.objectRepo_SYSTEM.PatientLoginPage.getPatientEdt(PatientLoginPage.java:53)
at com.comcast.hms.objectRepo_SYSTEM.PatientLoginPage.getPatientEdt(PatientLoginPage.java:53)
at com.comcast.hms.objectRepo_SYSTEM.PatientLoginPage.getPatientEdt(PatientLoginPage.java:53)
at com.comcast.hms.objectRepo_SYSTEM.PatientLoginPage.getPatientEdt(PatientLoginPage.java:53)
at com.comcast.hms.objectRepo_SYSTEM.PatientLoginPage.getPatientEdt(PatientLoginPage.java:53)
at com.comcast.hms.objectRepo_SYSTEM.PatientLoginPage.getPatientEdt(PatientLoginPage.java:53)
at com.comcast.hms.objectRepo_SYSTEM.PatientLoginPage.getPatientEdt(PatientLoginPage.java:53)
at com.comcast.hms.objectRepo_SYSTEM.PatientLoginPage.getPatientEdt(PatientLoginPage.java:53)
at com.comcast.hms.objectRepo_SYSTEM.PatientLoginPage.getPatientEdt(PatientLoginPage.java:53)
at com.comcast.hms.objectRepo_SYSTEM.PatientLoginPage.getPatientEdt(PatientLoginPage.java:53)
at com.comcast.hms.objectRepo_SYSTEM.PatientLoginPage.getPatientEdt(PatientLoginPage.java:53)
at com.comcast.hms.objectRepo_SYSTEM.PatientLoginPage.getPatientEdt(PatientLoginPage.java:53)
at com.comcast.hms.objectRepo_SYSTEM.PatientLoginPage.getPatientEdt(PatientLoginPage.java:53)
at com.comcast.hms.objectRepo_SYSTEM.PatientLoginPage.getPatientEdt(PatientLoginPage.java:53)
at com.comcast.hms.objectRepo_SYSTEM.PatientLoginPage.getPatientEdt(PatientLoginPage.java:53)
at com.comcast.hms.objectRepo_SYSTEM.PatientLoginPage.getPatientEdt(PatientLoginPage.java:53)
at com.comcast.hms.objectRepo_SYSTEM.PatientLoginPage.getPatientEdt(PatientLoginPage.java:53)
at com.comcast.hms.objectRepo_SYSTEM.PatientLoginPage.getPatientEdt(PatientLoginPage.java:53)
at com.comcast.hms.objectRepo_SYSTEM.PatientLoginPage.getPatientEdt(PatientLoginPage.java:53)
at com.comcast.hms.objectRepo_SYSTEM.PatientLoginPage.getPatientEdt(PatientLoginPage.java:53)
at com.comcast.hms.objectRepo_SYSTEM.PatientLoginPage.getPatientEdt(PatientLoginPage.java:53)
at com.comcast.hms.objectRepo_SYSTEM.PatientLoginPage.getPatientEdt(PatientLoginPage.java:53)
at com.comcast.hms.objectRepo_SYSTEM.PatientLoginPage.getPatientEdt(PatientLoginPage.java:53)
at com.comcast.hms.objectRepo_SYSTEM.PatientLoginPage.getPatientEdt(PatientLoginPage.java:53)
at com.comcast.hms.objectRepo_SYSTEM.PatientLoginPage.getPatientEdt(PatientLoginPage.java:53)
at com.comcast.hms.objectRepo_SYSTEM.PatientLoginPage.getPatientEdt(PatientLoginPage.java:53)
at com.comcast.hms.objectRepo_SYSTEM.PatientLoginPage.getPatientEdt(PatientLoginPage.java:53)
at com.comcast.hms.objectRepo_SYSTEM.PatientLoginPage.getPatientEdt(PatientLoginPage.java:53)
at com.comcast.hms.objectRepo_SYSTEM.PatientLoginPage.getPatientEdt(PatientLoginPage.java:53)
at com.comcast.hms.objectRepo_SYSTEM.PatientLoginPage.getPatientEdt(PatientLoginPage.java:53)
at com.comcast.hms.objectRepo_SYSTEM.PatientLoginPage.getPatientEdt(PatientLoginPage.java:53)
at com.comcast.hms.objectRepo_SYSTEM.PatientLoginPage.getPatientEdt(PatientLoginPage.java:53)
at com.comcast.hms.objectRepo_SYSTEM.PatientLoginPage.getPatientEdt(PatientLoginPage.java:53)
at com.comcast.hms.objectRepo_SYSTEM.PatientLoginPage.getPatientEdt(PatientLoginPage.java:53)
at com.comcast.hms.objectRepo_SYSTEM.PatientLoginPage.getPatientEdt(PatientLoginPage.java:53)
at com.comcast.hms.objectRepo_SYSTEM.PatientLoginPage.getPatientEdt(PatientLoginPage.java:53)
at com.comcast.hms.objectRepo_SYSTEM.PatientLoginPage.getPatientEdt(PatientLoginPage.java:53)
at com.comcast.hms.objectRepo_SYSTEM.PatientLoginPage.getPatientEdt(PatientLoginPage.java:53)
at com.comcast.hms.objectRepo_SYSTEM.PatientLoginPage.getPatientEdt(PatientLoginPage.java:53)
at com.comcast.hms.objectRepo_SYSTEM.PatientLoginPage.getPatientEdt(PatientLoginPage.java:53)
at com.comcast.hms.objectRepo_SYSTEM.PatientLoginPage.getPatientEdt(PatientLoginPage.java:53)
at com.comcast.hms.objectRepo_SYSTEM.PatientLoginPage.getPatientEdt(PatientLoginPage.java:53)
at com.comcast.hms.objectRepo_SYSTEM.PatientLoginPage.getPatientEdt(PatientLoginPage.java:53)
at com.comcast.hms.objectRepo_SYSTEM.PatientLoginPage.getPatientEdt(PatientLoginPage.java:53)
at com.comcast.hms.objectRepo_SYSTEM.PatientLoginPage.getPatientEdt(PatientLoginPage.java:53)
at com.comcast.hms.objectRepo_SYSTEM.PatientLoginPage.getPatientEdt(PatientLoginPage.java:53)
at com.comcast.hms.objectRepo_SYSTEM.PatientLoginPage.getPatientEdt(PatientLoginPage.java:53)
at com.comcast.hms.objectRepo_SYSTEM.PatientLoginPage.getPatientEdt(PatientLoginPage.java:53)
at com.comcast.hms.objectRepo_SYSTEM.PatientLoginPage.getPatientEdt(PatientLoginPage.java:53)
at com.comcast.hms.objectRepo_SYSTEM.PatientLoginPage.getPatientEdt(PatientLoginPage.java:53)
at com.comcast.hms.objectRepo_SYSTEM.PatientLoginPage.getPatientEdt(PatientLoginPage.java:53)
at com.comcast.hms.objectRepo_SYSTEM.PatientLoginPage.getPatientEdt(PatientLoginPage.java:53)
at com.comcast.hms.objectRepo_SYSTEM.PatientLoginPage.getPatientEdt(PatientLoginPage.java:53)
at com.comcast.hms.objectRepo_SYSTEM.PatientLoginPage.getPatientEdt(PatientLoginPage.java:53)
at com.comcast.hms.objectRepo_SYSTEM.PatientLoginPage.getPatientEdt(PatientLoginPage.java:53)
at com.comcast.hms.objectRepo_SYSTEM.PatientLoginPage.getPatientEdt(PatientLoginPage.java:53)
at com.comcast.hms.objectRepo_SYSTEM.PatientLoginPage.getPatientEdt(PatientLoginPage.java:53)
at com.comcast.hms.objectRepo_SYSTEM.PatientLoginPage.getPatientEdt(PatientLoginPage.java:53)
at com.comcast.hms.objectRepo_SYSTEM.PatientLoginPage.getPatientEdt(PatientLoginPage.java:53)
at com.comcast.hms.objectRepo_SYSTEM.PatientLoginPage.getPatientEdt(PatientLoginPage.java:53)
at com.comcast.hms.objectRepo_SYSTEM.PatientLoginPage.getPatientEdt(PatientLoginPage.java:53)
at com.comcast.hms.objectRepo_SYSTEM.PatientLoginPage.getPatientEdt(PatientLoginPage.java:53)
at com.comcast.hms.objectRepo_SYSTEM.PatientLoginPage.getPatientEdt(PatientLoginPage.java:53)
at com.comcast.hms.objectRepo_SYSTEM.PatientLoginPage.getPatientEdt(PatientLoginPage.java:53)
at com.comcast.hms.objectRepo_SYSTEM.PatientLoginPage.getPatientEdt(PatientLoginPage.java:53)
at com.comcast.hms.objectRepo_SYSTEM.PatientLoginPage.getPatientEdt(PatientLoginPage.java:53)
at com.comcast.hms.objectRepo_SYSTEM.PatientLoginPage.getPatientEdt(PatientLoginPage.java:53)
at com.comcast.hms.objectRepo_SYSTEM.PatientLoginPage.getPatientEdt(PatientLoginPage.java:53)
at com.comcast.hms.objectRepo_SYSTEM.PatientLoginPage.getPatientEdt(PatientLoginPage.java:53)
at com.comcast.hms.objectRepo_SYSTEM.PatientLoginPage.getPatientEdt(PatientLoginPage.java:53)
at com.comcast.hms.objectRepo_SYSTEM.PatientLoginPage.getPatientEdt(PatientLoginPage.java:53)
at com.comcast.hms.objectRepo_SYSTEM.PatientLoginPage.getPatientEdt(PatientLoginPage.java:53)
at com.comcast.hms.objectRepo_SYSTEM.PatientLoginPage.getPatientEdt(PatientLoginPage.java:53)
at com.comcast.hms.objectRepo_SYSTEM.PatientLoginPage.getPatientEdt(PatientLoginPage.java:53)
at com.comcast.hms.objectRepo_SYSTEM.PatientLoginPage.getPatientEdt(PatientLoginPage.java:53)
at com.comcast.hms.objectRepo_SYSTEM.PatientLoginPage.getPatientEdt(PatientLoginPage.java:53)
at com.comcast.hms.objectRepo_SYSTEM.PatientLoginPage.getPatientEdt(PatientLoginPage.java:53)
at com.comcast.hms.objectRepo_SYSTEM.PatientLoginPage.getPatientEdt(PatientLoginPage.java:53)
at com.comcast.hms.objectRepo_SYSTEM.PatientLoginPage.getPatientEdt(PatientLoginPage.java:53)
at com.comcast.hms.objectRepo_SYSTEM.PatientLoginPage.getPatientEdt(PatientLoginPage.java:53)
at com.comcast.hms.objectRepo_SYSTEM.PatientLoginPage.getPatientEdt(PatientLoginPage.java:53)
at com.comcast.hms.objectRepo_SYSTEM.PatientLoginPage.getPatientEdt(PatientLoginPage.java:53)
at com.comcast.hms.objectRepo_SYSTEM.PatientLoginPage.getPatientEdt(PatientLoginPage.java:53)
at com.comcast.hms.objectRepo_SYSTEM.PatientLoginPage.getPatientEdt(PatientLoginPage.java:53)
at com.comcast.hms.objectRepo_SYSTEM.PatientLoginPage.getPatientEdt(PatientLoginPage.java:53)
at com.comcast.hms.objectRepo_SYSTEM.PatientLoginPage.getPatientEdt(PatientLoginPage.java:53)
at com.comcast.hms.objectRepo_SYSTEM.PatientLoginPage.getPatientEdt(PatientLoginPage.java:53)
at com.comcast.hms.objectRepo_SYSTEM.PatientLoginPage.getPatientEdt(PatientLoginPage.java:53)
at com.comcast.hms.objectRepo_SYSTEM.PatientLoginPage.getPatientEdt(PatientLoginPage.java:53)
at com.comcast.hms.objectRepo_SYSTEM.PatientLoginPage.getPatientEdt(PatientLoginPage.java:53)
at com.comcast.hms.objectRepo_SYSTEM.PatientLoginPage.getPatientEdt(PatientLoginPage.java:53)
at com.comcast.hms.objectRepo_SYSTEM.PatientLoginPage.getPatientEdt(PatientLoginPage.java:53)
at com.comcast.hms.objectRepo_SYSTEM.PatientLoginPage.getPatientEdt(PatientLoginPage.java:53)
at com.comcast.hms.objectRepo_SYSTEM.PatientLoginPage.getPatientEdt(PatientLoginPage.java:53)
at com.comcast.hms.objectRepo_SYSTEM.PatientLoginPage.getPatientEdt(PatientLoginPage.java:53)
at com.comcast.hms.objectRepo_SYSTEM.PatientLoginPage.getPatientEdt(PatientLoginPage.java:53)
at com.comcast.hms.objectRepo_SYSTEM.PatientLoginPage.getPatientEdt(PatientLoginPage.java:53)
at com.comcast.hms.objectRepo_SYSTEM.PatientLoginPage.getPatientEdt(PatientLoginPage.java:53)
at com.comcast.hms.objectRepo_SYSTEM.PatientLoginPage.getPatientEdt(PatientLoginPage.java:53)
at com.comcast.hms.objectRepo_SYSTEM.PatientLoginPage.getPatientEdt(PatientLoginPage.java:53)
at com.comcast.hms.objectRepo_SYSTEM.PatientLoginPage.getPatientEdt(PatientLoginPage.java:53)
at com.comcast.hms.objectRepo_SYSTEM.PatientLoginPage.getPatientEdt(PatientLoginPage.java:53)
at com.comcast.hms.objectRepo_SYSTEM.PatientLoginPage.getPatientEdt(PatientLoginPage.java:53)
at com.comcast.hms.objectRepo_SYSTEM.PatientLoginPage.getPatientEdt(PatientLoginPage.java:53)
at com.comcast.hms.objectRepo_SYSTEM.PatientLoginPage.getPatientEdt(PatientLoginPage.java:53)
at com.comcast.hms.objectRepo_SYSTEM.PatientLoginPage.getPatientEdt(PatientLoginPage.java:53)
at com.comcast.hms.objectRepo_SYSTEM.PatientLoginPage.getPatientEdt(PatientLoginPage.java:53)
at com.comcast.hms.objectRepo_SYSTEM.PatientLoginPage.getPatientEdt(PatientLoginPage.java:53)
at com.comcast.hms.objectRepo_SYSTEM.PatientLoginPage.getPatientEdt(PatientLoginPage.java:53)
at com.comcast.hms.objectRepo_SYSTEM.PatientLoginPage.getPatientEdt(PatientLoginPage.java:53)
at com.comcast.hms.objectRepo_SYSTEM.PatientLoginPage.getPatientEdt(PatientLoginPage.java:53)
at com.comcast.hms.objectRepo_SYSTEM.PatientLoginPage.getPatientEdt(PatientLoginPage.java:53)
at com.comcast.hms.objectRepo_SYSTEM.PatientLoginPage.getPatientEdt(PatientLoginPage.java:53)
at com.comcast.hms.objectRepo_SYSTEM.PatientLoginPage.getPatientEdt(PatientLoginPage.java:53)
at com.comcast.hms.objectRepo_SYSTEM.PatientLoginPage.getPatientEdt(PatientLoginPage.java:53)
at com.comcast.hms.objectRepo_SYSTEM.PatientLoginPage.getPatientEdt(PatientLoginPage.java:53)
at com.comcast.hms.objectRepo_SYSTEM.PatientLoginPage.getPatientEdt(PatientLoginPage.java:53)
at com.comcast.hms.objectRepo_SYSTEM.PatientLoginPage.getPatientEdt(PatientLoginPage.java:53)
at com.comcast.hms.objectRepo_SYSTEM.PatientLoginPage.getPatientEdt(PatientLoginPage.java:53)
at com.comcast.hms.objectRepo_SYSTEM.PatientLoginPage.getPatientEdt(PatientLoginPage.java:53)
at com.comcast.hms.objectRepo_SYSTEM.PatientLoginPage.getPatientEdt(PatientLoginPage.java:53)
at com.comcast.hms.objectRepo_SYSTEM.PatientLoginPage.getPatientEdt(PatientLoginPage.java:53)
at com.comcast.hms.objectRepo_SYSTEM.PatientLoginPage.getPatientEdt(PatientLoginPage.java:53)
at com.comcast.hms.objectRepo_SYSTEM.PatientLoginPage.getPatientEdt(PatientLoginPage.java:53)
at com.comcast.hms.objectRepo_SYSTEM.PatientLoginPage.getPatientEdt(PatientLoginPage.java:53)
at com.comcast.hms.objectRepo_SYSTEM.PatientLoginPage.getPatientEdt(PatientLoginPage.java:53)
at com.comcast.hms.objectRepo_SYSTEM.PatientLoginPage.getPatientEdt(PatientLoginPage.java:53)
at com.comcast.hms.objectRepo_SYSTEM.PatientLoginPage.getPatientEdt(PatientLoginPage.java:53)
at com.comcast.hms.objectRepo_SYSTEM.PatientLoginPage.getPatientEdt(PatientLoginPage.java:53)
at com.comcast.hms.objectRepo_SYSTEM.PatientLoginPage.getPatientEdt(PatientLoginPage.java:53)
at com.comcast.hms.objectRepo_SYSTEM.PatientLoginPage.getPatientEdt(PatientLoginPage.java:53)
at com.comcast.hms.objectRepo_SYSTEM.PatientLoginPage.getPatientEdt(PatientLoginPage.java:53)
at com.comcast.hms.objectRepo_SYSTEM.PatientLoginPage.getPatientEdt(PatientLoginPage.java:53)
at com.comcast.hms.objectRepo_SYSTEM.PatientLoginPage.getPatientEdt(PatientLoginPage.java:53)
at com.comcast.hms.objectRepo_SYSTEM.PatientLoginPage.getPatientEdt(PatientLoginPage.java:53)
at com.comcast.hms.objectRepo_SYSTEM.PatientLoginPage.getPatientEdt(PatientLoginPage.java:53)
at com.comcast.hms.objectRepo_SYSTEM.PatientLoginPage.getPatientEdt(PatientLoginPage.java:53)
at com.comcast.hms.objectRepo_SYSTEM.PatientLoginPage.getPatientEdt(PatientLoginPage.java:53)
at com.comcast.hms.objectRepo_SYSTEM.PatientLoginPage.getPatientEdt(PatientLoginPage.java:53)
at com.comcast.hms.objectRepo_SYSTEM.PatientLoginPage.getPatientEdt(PatientLoginPage.java:53)
at com.comcast.hms.objectRepo_SYSTEM.PatientLoginPage.getPatientEdt(PatientLoginPage.java:53)
at com.comcast.hms.objectRepo_SYSTEM.PatientLoginPage.getPatientEdt(PatientLoginPage.java:53)
at com.comcast.hms.objectRepo_SYSTEM.PatientLoginPage.getPatientEdt(PatientLoginPage.java:53)
at com.comcast.hms.objectRepo_SYSTEM.PatientLoginPage.getPatientEdt(PatientLoginPage.java:53)
at com.comcast.hms.objectRepo_SYSTEM.PatientLoginPage.getPatientEdt(PatientLoginPage.java:53)
at com.comcast.hms.objectRepo_SYSTEM.PatientLoginPage.getPatientEdt(PatientLoginPage.java:53)
at com.comcast.hms.objectRepo_SYSTEM.PatientLoginPage.getPatientEdt(PatientLoginPage.java:53)
at com.comcast.hms.objectRepo_SYSTEM.PatientLoginPage.getPatientEdt(PatientLoginPage.java:53)
at com.comcast.hms.objectRepo_SYSTEM.PatientLoginPage.getPatientEdt(PatientLoginPage.java:53)
at com.comcast.hms.objectRepo_SYSTEM.PatientLoginPage.getPatientEdt(PatientLoginPage.java:53)
at com.comcast.hms.objectRepo_SYSTEM.PatientLoginPage.getPatientEdt(PatientLoginPage.java:53)
at com.comcast.hms.objectRepo_SYSTEM.PatientLoginPage.getPatientEdt(PatientLoginPage.java:53)
at com.comcast.hms.objectRepo_SYSTEM.PatientLoginPage.getPatientEdt(PatientLoginPage.java:53)
at com.comcast.hms.objectRepo_SYSTEM.PatientLoginPage.getPatientEdt(PatientLoginPage.java:53)
at com.comcast.hms.objectRepo_SYSTEM.PatientLoginPage.getPatientEdt(PatientLoginPage.java:53)
at com.comcast.hms.objectRepo_SYSTEM.PatientLoginPage.getPatientEdt(PatientLoginPage.java:53)
at com.comcast.hms.objectRepo_SYSTEM.PatientLoginPage.getPatientEdt(PatientLoginPage.java:53)
at com.comcast.hms.objectRepo_SYSTEM.PatientLoginPage.getPatientEdt(PatientLoginPage.java:53)
at com.comcast.hms.objectRepo_SYSTEM.PatientLoginPage.getPatientEdt(PatientLoginPage.java:53)
at com.comcast.hms.objectRepo_SYSTEM.PatientLoginPage.getPatientEdt(PatientLoginPage.java:53)
at com.comcast.hms.objectRepo_SYSTEM.PatientLoginPage.getPatientEdt(PatientLoginPage.java:53)
at com.comcast.hms.objectRepo_SYSTEM.PatientLoginPage.getPatientEdt(PatientLoginPage.java:53)
at com.comcast.hms.objectRepo_SYSTEM.PatientLoginPage.getPatientEdt(PatientLoginPage.java:53)
at com.comcast.hms.objectRepo_SYSTEM.PatientLoginPage.getPatientEdt(PatientLoginPage.java:53)
at com.comcast.hms.objectRepo_SYSTEM.PatientLoginPage.getPatientEdt(PatientLoginPage.java:53)
at com.comcast.hms.objectRepo_SYSTEM.PatientLoginPage.getPatientEdt(PatientLoginPage.java:53)
at com.comcast.hms.objectRepo_SYSTEM.PatientLoginPage.getPatientEdt(PatientLoginPage.java:53)
at com.comcast.hms.objectRepo_SYSTEM.PatientLoginPage.getPatientEdt(PatientLoginPage.java:53)
at com.comcast.hms.objectRepo_SYSTEM.PatientLoginPage.getPatientEdt(PatientLoginPage.java:53)
at com.comcast.hms.objectRepo_SYSTEM.PatientLoginPage.getPatientEdt(PatientLoginPage.java:53)
at com.comcast.hms.objectRepo_SYSTEM.PatientLoginPage.getPatientEdt(PatientLoginPage.java:53)
at com.comcast.hms.objectRepo_SYSTEM.PatientLoginPage.getPatientEdt(PatientLoginPage.java:53)
at com.comcast.hms.objectRepo_SYSTEM.PatientLoginPage.getPatientEdt(PatientLoginPage.java:53)
at com.comcast.hms.objectRepo_SYSTEM.PatientLoginPage.getPatientEdt(PatientLoginPage.java:53)
at com.comcast.hms.objectRepo_SYSTEM.PatientLoginPage.getPatientEdt(PatientLoginPage.java:53)
at com.comcast.hms.objectRepo_SYSTEM.PatientLoginPage.getPatientEdt(PatientLoginPage.java:53)
at com.comcast.hms.objectRepo_SYSTEM.PatientLoginPage.getPatientEdt(PatientLoginPage.java:53)
at com.comcast.hms.objectRepo_SYSTEM.PatientLoginPage.getPatientEdt(PatientLoginPage.java:53)
at com.comcast.hms.objectRepo_SYSTEM.PatientLoginPage.getPatientEdt(PatientLoginPage.java:53)
at com.comcast.hms.objectRepo_SYSTEM.PatientLoginPage.getPatientEdt(PatientLoginPage.java:53)
at com.comcast.hms.objectRepo_SYSTEM.PatientLoginPage.getPatientEdt(PatientLoginPage.java:53)
at com.comcast.hms.objectRepo_SYSTEM.PatientLoginPage.getPatientEdt(PatientLoginPage.java:53)
at com.comcast.hms.objectRepo_SYSTEM.PatientLoginPage.getPatientEdt(PatientLoginPage.java:53)
at com.comcast.hms.objectRepo_SYSTEM.PatientLoginPage.getPatientEdt(PatientLoginPage.java:53)
at com.comcast.hms.objectRepo_SYSTEM.PatientLoginPage.getPatientEdt(PatientLoginPage.java:53)
at com.comcast.hms.objectRepo_SYSTEM.PatientLoginPage.getPatientEdt(PatientLoginPage.java:53)
at com.comcast.hms.objectRepo_SYSTEM.PatientLoginPage.getPatientEdt(PatientLoginPage.java:53)
at com.comcast.hms.objectRepo_SYSTEM.PatientLoginPage.getPatientEdt(PatientLoginPage.java:53)
at com.comcast.hms.objectRepo_SYSTEM.PatientLoginPage.getPatientEdt(PatientLoginPage.java:53)
at com.comcast.hms.objectRepo_SYSTEM.PatientLoginPage.getPatientEdt(PatientLoginPage.java:53)
at com.comcast.hms.objectRepo_SYSTEM.PatientLoginPage.getPatientEdt(PatientLoginPage.java:53)
at com.comcast.hms.objectRepo_SYSTEM.PatientLoginPage.getPatientEdt(PatientLoginPage.java:53)
at com.comcast.hms.objectRepo_SYSTEM.PatientLoginPage.getPatientEdt(PatientLoginPage.java:53)
at com.comcast.hms.objectRepo_SYSTEM.PatientLoginPage.getPatientEdt(PatientLoginPage.java:53)
at com.comcast.hms.objectRepo_SYSTEM.PatientLoginPage.getPatientEdt(PatientLoginPage.java:53)
at com.comcast.hms.objectRepo_SYSTEM.PatientLoginPage.getPatientEdt(PatientLoginPage.java:53)
at com.comcast.hms.objectRepo_SYSTEM.PatientLoginPage.getPatientEdt(PatientLoginPage.java:53)
at com.comcast.hms.objectRepo_SYSTEM.PatientLoginPage.getPatientEdt(PatientLoginPage.java:53)
at com.comcast.hms.objectRepo_SYSTEM.PatientLoginPage.getPatientEdt(PatientLoginPage.java:53)
at com.comcast.hms.objectRepo_SYSTEM.PatientLoginPage.getPatientEdt(PatientLoginPage.java:53)
at com.comcast.hms.objectRepo_SYSTEM.PatientLoginPage.getPatientEdt(PatientLoginPage.java:53)
at com.comcast.hms.objectRepo_SYSTEM.PatientLoginPage.getPatientEdt(PatientLoginPage.java:53)
at com.comcast.hms.objectRepo_SYSTEM.PatientLoginPage.getPatientEdt(PatientLoginPage.java:53)
at com.comcast.hms.objectRepo_SYSTEM.PatientLoginPage.getPatientEdt(PatientLoginPage.java:53)
at com.comcast.hms.objectRepo_SYSTEM.PatientLoginPage.getPatientEdt(PatientLoginPage.java:53)
at com.comcast.hms.objectRepo_SYSTEM.PatientLoginPage.getPatientEdt(PatientLoginPage.java:53)
at com.comcast.hms.objectRepo_SYSTEM.PatientLoginPage.getPatientEdt(PatientLoginPage.java:53)
at com.comcast.hms.objectRepo_SYSTEM.PatientLoginPage.getPatientEdt(PatientLoginPage.java:53)
at com.comcast.hms.objectRepo_SYSTEM.PatientLoginPage.getPatientEdt(PatientLoginPage.java:53)
at com.comcast.hms.objectRepo_SYSTEM.PatientLoginPage.getPatientEdt(PatientLoginPage.java:53)
at com.comcast.hms.objectRepo_SYSTEM.PatientLoginPage.getPatientEdt(PatientLoginPage.java:53)
at com.comcast.hms.objectRepo_SYSTEM.PatientLoginPage.getPatientEdt(PatientLoginPage.java:53)
at com.comcast.hms.objectRepo_SYSTEM.PatientLoginPage.getPatientEdt(PatientLoginPage.java:53)
at com.comcast.hms.objectRepo_SYSTEM.PatientLoginPage.getPatientEdt(PatientLoginPage.java:53)
at com.comcast.hms.objectRepo_SYSTEM.PatientLoginPage.getPatientEdt(PatientLoginPage.java:53)
at com.comcast.hms.objectRepo_SYSTEM.PatientLoginPage.getPatientEdt(PatientLoginPage.java:53)
at com.comcast.hms.objectRepo_SYSTEM.PatientLoginPage.getPatientEdt(PatientLoginPage.java:53)
at com.comcast.hms.objectRepo_SYSTEM.PatientLoginPage.getPatientEdt(PatientLoginPage.java:53)
at com.comcast.hms.objectRepo_SYSTEM.PatientLoginPage.getPatientEdt(PatientLoginPage.java:53)
at com.comcast.hms.objectRepo_SYSTEM.PatientLoginPage.getPatientEdt(PatientLoginPage.java:53)
at com.comcast.hms.objectRepo_SYSTEM.PatientLoginPage.getPatientEdt(PatientLoginPage.java:53)
at com.comcast.hms.objectRepo_SYSTEM.PatientLoginPage.getPatientEdt(PatientLoginPage.java:53)
at com.comcast.hms.objectRepo_SYSTEM.PatientLoginPage.getPatientEdt(PatientLoginPage.java:53)
at com.comcast.hms.objectRepo_SYSTEM.PatientLoginPage.getPatientEdt(PatientLoginPage.java:53)
at com.comcast.hms.objectRepo_SYSTEM.PatientLoginPage.getPatientEdt(PatientLoginPage.java:53)
at com.comcast.hms.objectRepo_SYSTEM.PatientLoginPage.getPatientEdt(PatientLoginPage.java:53)
at com.comcast.hms.objectRepo_SYSTEM.PatientLoginPage.getPatientEdt(PatientLoginPage.java:53)
at com.comcast.hms.objectRepo_SYSTEM.PatientLoginPage.getPatientEdt(PatientLoginPage.java:53)
at com.comcast.hms.objectRepo_SYSTEM.PatientLoginPage.getPatientEdt(PatientLoginPage.java:53)
at com.comcast.hms.objectRepo_SYSTEM.PatientLoginPage.getPatientEdt(PatientLoginPage.java:53)
at com.comcast.hms.objectRepo_SYSTEM.PatientLoginPage.getPatientEdt(PatientLoginPage.java:53)
at com.comcast.hms.objectRepo_SYSTEM.PatientLoginPage.getPatientEdt(PatientLoginPage.java:53)
at com.comcast.hms.objectRepo_SYSTEM.PatientLoginPage.getPatientEdt(PatientLoginPage.java:53)
at com.comcast.hms.objectRepo_SYSTEM.PatientLoginPage.getPatientEdt(PatientLoginPage.java:53)
at com.comcast.hms.objectRepo_SYSTEM.PatientLoginPage.getPatientEdt(PatientLoginPage.java:53)
at com.comcast.hms.objectRepo_SYSTEM.PatientLoginPage.getPatientEdt(PatientLoginPage.java:53)
at com.comcast.hms.objectRepo_SYSTEM.PatientLoginPage.getPatientEdt(PatientLoginPage.java:53)
at com.comcast.hms.objectRepo_SYSTEM.PatientLoginPage.getPatientEdt(PatientLoginPage.java:53)
at com.comcast.hms.objectRepo_SYSTEM.PatientLoginPage.getPatientEdt(PatientLoginPage.java:53)
at com.comcast.hms.objectRepo_SYSTEM.PatientLoginPage.getPatientEdt(PatientLoginPage.java:53)
at com.comcast.hms.objectRepo_SYSTEM.PatientLoginPage.getPatientEdt(PatientLoginPage.java:53)
at com.comcast.hms.objectRepo_SYSTEM.PatientLoginPage.getPatientEdt(PatientLoginPage.java:53)
at com.comcast.hms.objectRepo_SYSTEM.PatientLoginPage.getPatientEdt(PatientLoginPage.java:53)
at com.comcast.hms.objectRepo_SYSTEM.PatientLoginPage.getPatientEdt(PatientLoginPage.java:53)
at com.comcast.hms.objectRepo_SYSTEM.PatientLoginPage.getPatientEdt(PatientLoginPage.java:53)
at com.comcast.hms.objectRepo_SYSTEM.PatientLoginPage.getPatientEdt(PatientLoginPage.java:53)
at com.comcast.hms.objectRepo_SYSTEM.PatientLoginPage.getPatientEdt(PatientLoginPage.java:53)
at com.comcast.hms.objectRepo_SYSTEM.PatientLoginPage.getPatientEdt(PatientLoginPage.java:53)
at com.comcast.hms.objectRepo_SYSTEM.PatientLoginPage.getPatientEdt(PatientLoginPage.java:53)
at com.comcast.hms.objectRepo_SYSTEM.PatientLoginPage.getPatientEdt(PatientLoginPage.java:53)
at com.comcast.hms.objectRepo_SYSTEM.PatientLoginPage.getPatientEdt(PatientLoginPage.java:53)
at com.comcast.hms.objectRepo_SYSTEM.PatientLoginPage.getPatientEdt(PatientLoginPage.java:53)
at com.comcast.hms.objectRepo_SYSTEM.PatientLoginPage.getPatientEdt(PatientLoginPage.java:53)
at com.comcast.hms.objectRepo_SYSTEM.PatientLoginPage.getPatientEdt(PatientLoginPage.java:53)
at com.comcast.hms.objectRepo_SYSTEM.PatientLoginPage.getPatientEdt(PatientLoginPage.java:53)
at com.comcast.hms.objectRepo_SYSTEM.PatientLoginPage.getPatientEdt(PatientLoginPage.java:53)
at com.comcast.hms.objectRepo_SYSTEM.PatientLoginPage.getPatientEdt(PatientLoginPage.java:53)
at com.comcast.hms.objectRepo_SYSTEM.PatientLoginPage.getPatientEdt(PatientLoginPage.java:53)
at com.comcast.hms.objectRepo_SYSTEM.PatientLoginPage.getPatientEdt(PatientLoginPage.java:53)
at com.comcast.hms.objectRepo_SYSTEM.PatientLoginPage.getPatientEdt(PatientLoginPage.java:53)
at com.comcast.hms.objectRepo_SYSTEM.PatientLoginPage.getPatientEdt(PatientLoginPage.java:53)
at com.comcast.hms.objectRepo_SYSTEM.PatientLoginPage.getPatientEdt(PatientLoginPage.java:53)
at com.comcast.hms.objectRepo_SYSTEM.PatientLoginPage.getPatientEdt(PatientLoginPage.java:53)
at com.comcast.hms.objectRepo_SYSTEM.PatientLoginPage.getPatientEdt(PatientLoginPage.java:53)
at com.comcast.hms.objectRepo_SYSTEM.PatientLoginPage.getPatientEdt(PatientLoginPage.java:53)
at com.comcast.hms.objectRepo_SYSTEM.PatientLoginPage.getPatientEdt(PatientLoginPage.java:53)
at com.comcast.hms.objectRepo_SYSTEM.PatientLoginPage.getPatientEdt(PatientLoginPage.java:53)
at com.comcast.hms.objectRepo_SYSTEM.PatientLoginPage.getPatientEdt(PatientLoginPage.java:53)
at com.comcast.hms.objectRepo_SYSTEM.PatientLoginPage.getPatientEdt(PatientLoginPage.java:53)
at com.comcast.hms.objectRepo_SYSTEM.PatientLoginPage.getPatientEdt(PatientLoginPage.java:53)
at com.comcast.hms.objectRepo_SYSTEM.PatientLoginPage.getPatientEdt(PatientLoginPage.java:53)
at com.comcast.hms.objectRepo_SYSTEM.PatientLoginPage.getPatientEdt(PatientLoginPage.java:53)
at com.comcast.hms.objectRepo_SYSTEM.PatientLoginPage.getPatientEdt(PatientLoginPage.java:53)
at com.comcast.hms.objectRepo_SYSTEM.PatientLoginPage.getPatientEdt(PatientLoginPage.java:53)
at com.comcast.hms.objectRepo_SYSTEM.PatientLoginPage.getPatientEdt(PatientLoginPage.java:53)
at com.comcast.hms.objectRepo_SYSTEM.PatientLoginPage.getPatientEdt(PatientLoginPage.java:53)
at com.comcast.hms.objectRepo_SYSTEM.PatientLoginPage.getPatientEdt(PatientLoginPage.java:53)
at com.comcast.hms.objectRepo_SYSTEM.PatientLoginPage.getPatientEdt(PatientLoginPage.java:53)
at com.comcast.hms.objectRepo_SYSTEM.PatientLoginPage.getPatientEdt(PatientLoginPage.java:53)
at com.comcast.hms.objectRepo_SYSTEM.PatientLoginPage.getPatientEdt(PatientLoginPage.java:53)
at com.comcast.hms.objectRepo_SYSTEM.PatientLoginPage.getPatientEdt(PatientLoginPage.java:53)
at com.comcast.hms.objectRepo_SYSTEM.PatientLoginPage.getPatientEdt(PatientLoginPage.java:53)
at com.comcast.hms.objectRepo_SYSTEM.PatientLoginPage.getPatientEdt(PatientLoginPage.java:53)
at com.comcast.hms.objectRepo_SYSTEM.PatientLoginPage.getPatientEdt(PatientLoginPage.java:53)
at com.comcast.hms.objectRepo_SYSTEM.PatientLoginPage.getPatientEdt(PatientLoginPage.java:53)
at com.comcast.hms.objectRepo_SYSTEM.PatientLoginPage.getPatientEdt(PatientLoginPage.java:53)
at com.comcast.hms.objectRepo_SYSTEM.PatientLoginPage.getPatientEdt(PatientLoginPage.java:53)
at com.comcast.hms.objectRepo_SYSTEM.PatientLoginPage.getPatientEdt(PatientLoginPage.java:53)
at com.comcast.hms.objectRepo_SYSTEM.PatientLoginPage.getPatientEdt(PatientLoginPage.java:53)
at com.comcast.hms.objectRepo_SYSTEM.PatientLoginPage.getPatientEdt(PatientLoginPage.java:53)
at com.comcast.hms.objectRepo_SYSTEM.PatientLoginPage.getPatientEdt(PatientLoginPage.java:53)
at com.comcast.hms.objectRepo_SYSTEM.PatientLoginPage.getPatientEdt(PatientLoginPage.java:53)
at com.comcast.hms.objectRepo_SYSTEM.PatientLoginPage.getPatientEdt(PatientLoginPage.java:53)
at com.comcast.hms.objectRepo_SYSTEM.PatientLoginPage.getPatientEdt(PatientLoginPage.java:53)
at com.comcast.hms.objectRepo_SYSTEM.PatientLoginPage.getPatientEdt(PatientLoginPage.java:53)
at com.comcast.hms.objectRepo_SYSTEM.PatientLoginPage.getPatientEdt(PatientLoginPage.java:53)
at com.comcast.hms.objectRepo_SYSTEM.PatientLoginPage.getPatientEdt(PatientLoginPage.java:53)
at com.comcast.hms.objectRepo_SYSTEM.PatientLoginPage.getPatientEdt(PatientLoginPage.java:53)
at com.comcast.hms.objectRepo_SYSTEM.PatientLoginPage.getPatientEdt(PatientLoginPage.java:53)
at com.comcast.hms.objectRepo_SYSTEM.PatientLoginPage.getPatientEdt(PatientLoginPage.java:53)
at com.comcast.hms.objectRepo_SYSTEM.PatientLoginPage.getPatientEdt(PatientLoginPage.java:53)
at com.comcast.hms.objectRepo_SYSTEM.PatientLoginPage.getPatientEdt(PatientLoginPage.java:53)
at com.comcast.hms.objectRepo_SYSTEM.PatientLoginPage.getPatientEdt(PatientLoginPage.java:53)
at com.comcast.hms.objectRepo_SYSTEM.PatientLoginPage.getPatientEdt(PatientLoginPage.java:53)
at com.comcast.hms.objectRepo_SYSTEM.PatientLoginPage.getPatientEdt(PatientLoginPage.java:53)
at com.comcast.hms.objectRepo_SYSTEM.PatientLoginPage.getPatientEdt(PatientLoginPage.java:53)
at com.comcast.hms.objectRepo_SYSTEM.PatientLoginPage.getPatientEdt(PatientLoginPage.java:53)
at com.comcast.hms.objectRepo_SYSTEM.PatientLoginPage.getPatientEdt(PatientLoginPage.java:53)
at com.comcast.hms.objectRepo_SYSTEM.PatientLoginPage.getPatientEdt(PatientLoginPage.java:53)
at com.comcast.hms.objectRepo_SYSTEM.PatientLoginPage.getPatientEdt(PatientLoginPage.java:53)
at com.comcast.hms.objectRepo_SYSTEM.PatientLoginPage.getPatientEdt(PatientLoginPage.java:53)
at com.comcast.hms.objectRepo_SYSTEM.PatientLoginPage.getPatientEdt(PatientLoginPage.java:53)
at com.comcast.hms.objectRepo_SYSTEM.PatientLoginPage.getPatientEdt(PatientLoginPage.java:53)
at com.comcast.hms.objectRepo_SYSTEM.PatientLoginPage.getPatientEdt(PatientLoginPage.java:53)
at com.comcast.hms.objectRepo_SYSTEM.PatientLoginPage.getPatientEdt(PatientLoginPage.java:53)
at com.comcast.hms.objectRepo_SYSTEM.PatientLoginPage.getPatientEdt(PatientLoginPage.java:53)
at com.comcast.hms.objectRepo_SYSTEM.PatientLoginPage.getPatientEdt(PatientLoginPage.java:53)
at com.comcast.hms.objectRepo_SYSTEM.PatientLoginPage.getPatientEdt(PatientLoginPage.java:53)
at com.comcast.hms.objectRepo_SYSTEM.PatientLoginPage.getPatientEdt(PatientLoginPage.java:53)
at com.comcast.hms.objectRepo_SYSTEM.PatientLoginPage.getPatientEdt(PatientLoginPage.java:53)
at com.comcast.hms.objectRepo_SYSTEM.PatientLoginPage.getPatientEdt(PatientLoginPage.java:53)
at com.comcast.hms.objectRepo_SYSTEM.PatientLoginPage.getPatientEdt(PatientLoginPage.java:53)
at com.comcast.hms.objectRepo_SYSTEM.PatientLoginPage.getPatientEdt(PatientLoginPage.java:53)
at com.comcast.hms.objectRepo_SYSTEM.PatientLoginPage.getPatientEdt(PatientLoginPage.java:53)
at com.comcast.hms.objectRepo_SYSTEM.PatientLoginPage.getPatientEdt(PatientLoginPage.java:53)
at com.comcast.hms.objectRepo_SYSTEM.PatientLoginPage.getPatientEdt(PatientLoginPage.java:53)
at com.comcast.hms.objectRepo_SYSTEM.PatientLoginPage.getPatientEdt(PatientLoginPage.java:53)
at com.comcast.hms.objectRepo_SYSTEM.PatientLoginPage.getPatientEdt(PatientLoginPage.java:53)
at com.comcast.hms.objectRepo_SYSTEM.PatientLoginPage.getPatientEdt(PatientLoginPage.java:53)
at com.comcast.hms.objectRepo_SYSTEM.PatientLoginPage.getPatientEdt(PatientLoginPage.java:53)
at com.comcast.hms.objectRepo_SYSTEM.PatientLoginPage.getPatientEdt(PatientLoginPage.java:53)
at com.comcast.hms.objectRepo_SYSTEM.PatientLoginPage.getPatientEdt(PatientLoginPage.java:53)
at com.comcast.hms.objectRepo_SYSTEM.PatientLoginPage.getPatientEdt(PatientLoginPage.java:53)
at com.comcast.hms.objectRepo_SYSTEM.PatientLoginPage.getPatientEdt(PatientLoginPage.java:53)
at com.comcast.hms.objectRepo_SYSTEM.PatientLoginPage.getPatientEdt(PatientLoginPage.java:53)
at com.comcast.hms.objectRepo_SYSTEM.PatientLoginPage.getPatientEdt(PatientLoginPage.java:53)
at com.comcast.hms.objectRepo_SYSTEM.PatientLoginPage.getPatientEdt(PatientLoginPage.java:53)
at com.comcast.hms.objectRepo_SYSTEM.PatientLoginPage.getPatientEdt(PatientLoginPage.java:53)
at com.comcast.hms.objectRepo_SYSTEM.PatientLoginPage.getPatientEdt(PatientLoginPage.java:53)
at com.comcast.hms.objectRepo_SYSTEM.PatientLoginPage.getPatientEdt(PatientLoginPage.java:53)
at com.comcast.hms.objectRepo_SYSTEM.PatientLoginPage.getPatientEdt(PatientLoginPage.java:53)
at com.comcast.hms.objectRepo_SYSTEM.PatientLoginPage.getPatientEdt(PatientLoginPage.java:53)
at com.comcast.hms.objectRepo_SYSTEM.PatientLoginPage.getPatientEdt(PatientLoginPage.java:53)
at com.comcast.hms.objectRepo_SYSTEM.PatientLoginPage.getPatientEdt(PatientLoginPage.java:53)
at com.comcast.hms.objectRepo_SYSTEM.PatientLoginPage.getPatientEdt(PatientLoginPage.java:53)
at com.comcast.hms.objectRepo_SYSTEM.PatientLoginPage.getPatientEdt(PatientLoginPage.java:53)
at com.comcast.hms.objectRepo_SYSTEM.PatientLoginPage.getPatientEdt(PatientLoginPage.java:53)
at com.comcast.hms.objectRepo_SYSTEM.PatientLoginPage.getPatientEdt(PatientLoginPage.java:53)
at com.comcast.hms.objectRepo_SYSTEM.PatientLoginPage.getPatientEdt(PatientLoginPage.java:53)
at com.comcast.hms.objectRepo_SYSTEM.PatientLoginPage.getPatientEdt(PatientLoginPage.java:53)
at com.comcast.hms.objectRepo_SYSTEM.PatientLoginPage.getPatientEdt(PatientLoginPage.java:53)
at com.comcast.hms.objectRepo_SYSTEM.PatientLoginPage.getPatientEdt(PatientLoginPage.java:53)
at com.comcast.hms.objectRepo_SYSTEM.PatientLoginPage.getPatientEdt(PatientLoginPage.java:53)
at com.comcast.hms.objectRepo_SYSTEM.PatientLoginPage.getPatientEdt(PatientLoginPage.java:53)
at com.comcast.hms.objectRepo_SYSTEM.PatientLoginPage.getPatientEdt(PatientLoginPage.java:53)
at com.comcast.hms.objectRepo_SYSTEM.PatientLoginPage.getPatientEdt(PatientLoginPage.java:53)
at com.comcast.hms.objectRepo_SYSTEM.PatientLoginPage.getPatientEdt(PatientLoginPage.java:53)
at com.comcast.hms.objectRepo_SYSTEM.PatientLoginPage.getPatientEdt(PatientLoginPage.java:53)
at com.comcast.hms.objectRepo_SYSTEM.PatientLoginPage.getPatientEdt(PatientLoginPage.java:53)
at com.comcast.hms.objectRepo_SYSTEM.PatientLoginPage.getPatientEdt(PatientLoginPage.java:53)
at com.comcast.hms.objectRepo_SYSTEM.PatientLoginPage.getPatientEdt(PatientLoginPage.java:53)
at com.comcast.hms.objectRepo_SYSTEM.PatientLoginPage.getPatientEdt(PatientLoginPage.java:53)
at com.comcast.hms.objectRepo_SYSTEM.PatientLoginPage.getPatientEdt(PatientLoginPage.java:53)
at com.comcast.hms.objectRepo_SYSTEM.PatientLoginPage.getPatientEdt(PatientLoginPage.java:53)
at com.comcast.hms.objectRepo_SYSTEM.PatientLoginPage.getPatientEdt(PatientLoginPage.java:53)
at com.comcast.hms.objectRepo_SYSTEM.PatientLoginPage.getPatientEdt(PatientLoginPage.java:53)
at com.comcast.hms.objectRepo_SYSTEM.PatientLoginPage.getPatientEdt(PatientLoginPage.java:53)
at com.comcast.hms.objectRepo_SYSTEM.PatientLoginPage.getPatientEdt(PatientLoginPage.java:53)
at com.comcast.hms.objectRepo_SYSTEM.PatientLoginPage.getPatientEdt(PatientLoginPage.java:53)
at com.comcast.hms.objectRepo_SYSTEM.PatientLoginPage.getPatientEdt(PatientLoginPage.java:53)
at com.comcast.hms.objectRepo_SYSTEM.PatientLoginPage.getPatientEdt(PatientLoginPage.java:53)
at com.comcast.hms.objectRepo_SYSTEM.PatientLoginPage.getPatientEdt(PatientLoginPage.java:53)
at com.comcast.hms.objectRepo_SYSTEM.PatientLoginPage.getPatientEdt(PatientLoginPage.java:53)
at com.comcast.hms.objectRepo_SYSTEM.PatientLoginPage.getPatientEdt(PatientLoginPage.java:53)
at com.comcast.hms.objectRepo_SYSTEM.PatientLoginPage.getPatientEdt(PatientLoginPage.java:53)
at com.comcast.hms.objectRepo_SYSTEM.PatientLoginPage.getPatientEdt(PatientLoginPage.java:53)
at com.comcast.hms.objectRepo_SYSTEM.PatientLoginPage.getPatientEdt(PatientLoginPage.java:53)
at com.comcast.hms.objectRepo_SYSTEM.PatientLoginPage.getPatientEdt(PatientLoginPage.java:53)
at com.comcast.hms.objectRepo_SYSTEM.PatientLoginPage.getPatientEdt(PatientLoginPage.java:53)
at com.comcast.hms.objectRepo_SYSTEM.PatientLoginPage.getPatientEdt(PatientLoginPage.java:53)
at com.comcast.hms.objectRepo_SYSTEM.PatientLoginPage.getPatientEdt(PatientLoginPage.java:53)
at com.comcast.hms.objectRepo_SYSTEM.PatientLoginPage.getPatientEdt(PatientLoginPage.java:53)
at com.comcast.hms.objectRepo_SYSTEM.PatientLoginPage.getPatientEdt(PatientLoginPage.java:53)
at com.comcast.hms.objectRepo_SYSTEM.PatientLoginPage.getPatientEdt(PatientLoginPage.java:53)
at com.comcast.hms.objectRepo_SYSTEM.PatientLoginPage.getPatientEdt(PatientLoginPage.java:53)
at com.comcast.hms.objectRepo_SYSTEM.PatientLoginPage.getPatientEdt(PatientLoginPage.java:53)
at com.comcast.hms.objectRepo_SYSTEM.PatientLoginPage.getPatientEdt(PatientLoginPage.java:53)
at com.comcast.hms.objectRepo_SYSTEM.PatientLoginPage.getPatientEdt(PatientLoginPage.java:53)
at com.comcast.hms.objectRepo_SYSTEM.PatientLoginPage.getPatientEdt(PatientLoginPage.java:53)
at com.comcast.hms.objectRepo_SYSTEM.PatientLoginPage.getPatientEdt(PatientLoginPage.java:53)
at com.comcast.hms.objectRepo_SYSTEM.PatientLoginPage.getPatientEdt(PatientLoginPage.java:53)
at com.comcast.hms.objectRepo_SYSTEM.PatientLoginPage.getPatientEdt(PatientLoginPage.java:53)
at com.comcast.hms.objectRepo_SYSTEM.PatientLoginPage.getPatientEdt(PatientLoginPage.java:53)
at com.comcast.hms.objectRepo_SYSTEM.PatientLoginPage.getPatientEdt(PatientLoginPage.java:53)
at com.comcast.hms.objectRepo_SYSTEM.PatientLoginPage.getPatientEdt(PatientLoginPage.java:53)
at com.comcast.hms.objectRepo_SYSTEM.PatientLoginPage.getPatientEdt(PatientLoginPage.java:53)
at com.comcast.hms.objectRepo_SYSTEM.PatientLoginPage.getPatientEdt(PatientLoginPage.java:53)
at com.comcast.hms.objectRepo_SYSTEM.PatientLoginPage.getPatientEdt(PatientLoginPage.java:53)
at com.comcast.hms.objectRepo_SYSTEM.PatientLoginPage.getPatientEdt(PatientLoginPage.java:53)
at com.comcast.hms.objectRepo_SYSTEM.PatientLoginPage.getPatientEdt(PatientLoginPage.java:53)
at com.comcast.hms.objectRepo_SYSTEM.PatientLoginPage.getPatientEdt(PatientLoginPage.java:53)
at com.comcast.hms.objectRepo_SYSTEM.PatientLoginPage.getPatientEdt(PatientLoginPage.java:53)
at com.comcast.hms.objectRepo_SYSTEM.PatientLoginPage.getPatientEdt(PatientLoginPage.java:53)
at com.comcast.hms.objectRepo_SYSTEM.PatientLoginPage.getPatientEdt(PatientLoginPage.java:53)
at com.comcast.hms.objectRepo_SYSTEM.PatientLoginPage.getPatientEdt(PatientLoginPage.java:53)
at com.comcast.hms.objectRepo_SYSTEM.PatientLoginPage.getPatientEdt(PatientLoginPage.java:53)
at com.comcast.hms.objectRepo_SYSTEM.PatientLoginPage.getPatientEdt(PatientLoginPage.java:53)
at com.comcast.hms.objectRepo_SYSTEM.PatientLoginPage.getPatientEdt(PatientLoginPage.java:53)
at com.comcast.hms.objectRepo_SYSTEM.PatientLoginPage.getPatientEdt(PatientLoginPage.java:53)
at com.comcast.hms.objectRepo_SYSTEM.PatientLoginPage.getPatientEdt(PatientLoginPage.java:53)
at com.comcast.hms.objectRepo_SYSTEM.PatientLoginPage.getPatientEdt(PatientLoginPage.java:53)
at com.comcast.hms.objectRepo_SYSTEM.PatientLoginPage.getPatientEdt(PatientLoginPage.java:53)
at com.comcast.hms.objectRepo_SYSTEM.PatientLoginPage.getPatientEdt(PatientLoginPage.java:53)
at com.comcast.hms.objectRepo_SYSTEM.PatientLoginPage.getPatientEdt(PatientLoginPage.java:53)
at com.comcast.hms.objectRepo_SYSTEM.PatientLoginPage.getPatientEdt(PatientLoginPage.java:53)
at com.comcast.hms.objectRepo_SYSTEM.PatientLoginPage.getPatientEdt(PatientLoginPage.java:53)
at com.comcast.hms.objectRepo_SYSTEM.PatientLoginPage.getPatientEdt(PatientLoginPage.java:53)
at com.comcast.hms.objectRepo_SYSTEM.PatientLoginPage.getPatientEdt(PatientLoginPage.java:53)
at com.comcast.hms.objectRepo_SYSTEM.PatientLoginPage.getPatientEdt(PatientLoginPage.java:53)
at com.comcast.hms.objectRepo_SYSTEM.PatientLoginPage.getPatientEdt(PatientLoginPage.java:53)
at com.comcast.hms.objectRepo_SYSTEM.PatientLoginPage.getPatientEdt(PatientLoginPage.java:53)
at com.comcast.hms.objectRepo_SYSTEM.PatientLoginPage.getPatientEdt(PatientLoginPage.java:53)
at com.comcast.hms.objectRepo_SYSTEM.PatientLoginPage.getPatientEdt(PatientLoginPage.java:53)
at com.comcast.hms.objectRepo_SYSTEM.PatientLoginPage.getPatientEdt(PatientLoginPage.java:53)
at com.comcast.hms.objectRepo_SYSTEM.PatientLoginPage.getPatientEdt(PatientLoginPage.java:53)
at com.comcast.hms.objectRepo_SYSTEM.PatientLoginPage.getPatientEdt(PatientLoginPage.java:53)
at com.comcast.hms.objectRepo_SYSTEM.PatientLoginPage.getPatientEdt(PatientLoginPage.java:53)
at com.comcast.hms.objectRepo_SYSTEM.PatientLoginPage.getPatientEdt(PatientLoginPage.java:53)
at com.comcast.hms.objectRepo_SYSTEM.PatientLoginPage.getPatientEdt(PatientLoginPage.java:53)
at com.comcast.hms.objectRepo_SYSTEM.PatientLoginPage.getPatientEdt(PatientLoginPage.java:53)
at com.comcast.hms.objectRepo_SYSTEM.PatientLoginPage.getPatientEdt(PatientLoginPage.java:53)
at com.comcast.hms.objectRepo_SYSTEM.PatientLoginPage.getPatientEdt(PatientLoginPage.java:53)
at com.comcast.hms.objectRepo_SYSTEM.PatientLoginPage.getPatientEdt(PatientLoginPage.java:53)
at com.comcast.hms.objectRepo_SYSTEM.PatientLoginPage.getPatientEdt(PatientLoginPage.java:53)
at com.comcast.hms.objectRepo_SYSTEM.PatientLoginPage.getPatientEdt(PatientLoginPage.java:53)
at com.comcast.hms.objectRepo_SYSTEM.PatientLoginPage.getPatientEdt(PatientLoginPage.java:53)
at com.comcast.hms.objectRepo_SYSTEM.PatientLoginPage.getPatientEdt(PatientLoginPage.java:53)
at com.comcast.hms.objectRepo_SYSTEM.PatientLoginPage.getPatientEdt(PatientLoginPage.java:53)
at com.comcast.hms.objectRepo_SYSTEM.PatientLoginPage.getPatientEdt(PatientLoginPage.java:53)
at com.comcast.hms.objectRepo_SYSTEM.PatientLoginPage.getPatientEdt(PatientLoginPage.java:53)
at com.comcast.hms.objectRepo_SYSTEM.PatientLoginPage.getPatientEdt(PatientLoginPage.java:53)
at com.comcast.hms.objectRepo_SYSTEM.PatientLoginPage.getPatientEdt(PatientLoginPage.java:53)
at com.comcast.hms.objectRepo_SYSTEM.PatientLoginPage.getPatientEdt(PatientLoginPage.java:53)
at com.comcast.hms.objectRepo_SYSTEM.PatientLoginPage.getPatientEdt(PatientLoginPage.java:53)
at com.comcast.hms.objectRepo_SYSTEM.PatientLoginPage.getPatientEdt(PatientLoginPage.java:53)
at com.comcast.hms.objectRepo_SYSTEM.PatientLoginPage.getPatientEdt(PatientLoginPage.java:53)
at com.comcast.hms.objectRepo_SYSTEM.PatientLoginPage.getPatientEdt(PatientLoginPage.java:53)
at com.comcast.hms.objectRepo_SYSTEM.PatientLoginPage.getPatientEdt(PatientLoginPage.java:53)
at com.comcast.hms.objectRepo_SYSTEM.PatientLoginPage.getPatientEdt(PatientLoginPage.java:53)
at com.comcast.hms.objectRepo_SYSTEM.PatientLoginPage.getPatientEdt(PatientLoginPage.java:53)
at com.comcast.hms.objectRepo_SYSTEM.PatientLoginPage.getPatientEdt(PatientLoginPage.java:53)
at com.comcast.hms.objectRepo_SYSTEM.PatientLoginPage.getPatientEdt(PatientLoginPage.java:53)
at com.comcast.hms.objectRepo_SYSTEM.PatientLoginPage.getPatientEdt(PatientLoginPage.java:53)
at com.comcast.hms.objectRepo_SYSTEM.PatientLoginPage.getPatientEdt(PatientLoginPage.java:53)
at com.comcast.hms.objectRepo_SYSTEM.PatientLoginPage.getPatientEdt(PatientLoginPage.java:53)
at com.comcast.hms.objectRepo_SYSTEM.PatientLoginPage.getPatientEdt(PatientLoginPage.java:53)
at com.comcast.hms.objectRepo_SYSTEM.PatientLoginPage.getPatientEdt(PatientLoginPage.java:53)
at com.comcast.hms.objectRepo_SYSTEM.PatientLoginPage.getPatientEdt(PatientLoginPage.java:53)
at com.comcast.hms.objectRepo_SYSTEM.PatientLoginPage.getPatientEdt(PatientLoginPage.java:53)
at com.comcast.hms.objectRepo_SYSTEM.PatientLoginPage.getPatientEdt(PatientLoginPage.java:53)
at com.comcast.hms.objectRepo_SYSTEM.PatientLoginPage.getPatientEdt(PatientLoginPage.java:53)
at com.comcast.hms.objectRepo_SYSTEM.PatientLoginPage.getPatientEdt(PatientLoginPage.java:53)
at com.comcast.hms.objectRepo_SYSTEM.PatientLoginPage.getPatientEdt(PatientLoginPage.java:53)
at com.comcast.hms.objectRepo_SYSTEM.PatientLoginPage.getPatientEdt(PatientLoginPage.java:53)
at com.comcast.hms.objectRepo_SYSTEM.PatientLoginPage.getPatientEdt(PatientLoginPage.java:53)
at com.comcast.hms.objectRepo_SYSTEM.PatientLoginPage.getPatientEdt(PatientLoginPage.java:53)
at com.comcast.hms.objectRepo_SYSTEM.PatientLoginPage.getPatientEdt(PatientLoginPage.java:53)
at com.comcast.hms.objectRepo_SYSTEM.PatientLoginPage.getPatientEdt(PatientLoginPage.java:53)
at com.comcast.hms.objectRepo_SYSTEM.PatientLoginPage.getPatientEdt(PatientLoginPage.java:53)
at com.comcast.hms.objectRepo_SYSTEM.PatientLoginPage.getPatientEdt(PatientLoginPage.java:53)
at com.comcast.hms.objectRepo_SYSTEM.PatientLoginPage.getPatientEdt(PatientLoginPage.java:53)
at com.comcast.hms.objectRepo_SYSTEM.PatientLoginPage.getPatientEdt(PatientLoginPage.java:53)
at com.comcast.hms.objectRepo_SYSTEM.PatientLoginPage.getPatientEdt(PatientLoginPage.java:53)
at com.comcast.hms.objectRepo_SYSTEM.PatientLoginPage.getPatientEdt(PatientLoginPage.java:53)
at com.comcast.hms.objectRepo_SYSTEM.PatientLoginPage.getPatientEdt(PatientLoginPage.java:53)
at com.comcast.hms.objectRepo_SYSTEM.PatientLoginPage.getPatientEdt(PatientLoginPage.java:53)
at com.comcast.hms.objectRepo_SYSTEM.PatientLoginPage.getPatientEdt(PatientLoginPage.java:53)
at com.comcast.hms.objectRepo_SYSTEM.PatientLoginPage.getPatientEdt(PatientLoginPage.java:53)
at com.comcast.hms.objectRepo_SYSTEM.PatientLoginPage.getPatientEdt(PatientLoginPage.java:53)
at com.comcast.hms.objectRepo_SYSTEM.PatientLoginPage.getPatientEdt(PatientLoginPage.java:53)
at com.comcast.hms.objectRepo_SYSTEM.PatientLoginPage.getPatientEdt(PatientLoginPage.java:53)
at com.comcast.hms.objectRepo_SYSTEM.PatientLoginPage.getPatientEdt(PatientLoginPage.java:53)
at com.comcast.hms.objectRepo_SYSTEM.PatientLoginPage.getPatientEdt(PatientLoginPage.java:53)
at com.comcast.hms.objectRepo_SYSTEM.PatientLoginPage.getPatientEdt(PatientLoginPage.java:53)
at com.comcast.hms.objectRepo_SYSTEM.PatientLoginPage.getPatientEdt(PatientLoginPage.java:53)
at com.comcast.hms.objectRepo_SYSTEM.PatientLoginPage.getPatientEdt(PatientLoginPage.java:53)
at com.comcast.hms.objectRepo_SYSTEM.PatientLoginPage.getPatientEdt(PatientLoginPage.java:53)
at com.comcast.hms.objectRepo_SYSTEM.PatientLoginPage.getPatientEdt(PatientLoginPage.java:53)
at com.comcast.hms.objectRepo_SYSTEM.PatientLoginPage.getPatientEdt(PatientLoginPage.java:53)
at com.comcast.hms.objectRepo_SYSTEM.PatientLoginPage.getPatientEdt(PatientLoginPage.java:53)
at com.comcast.hms.objectRepo_SYSTEM.PatientLoginPage.getPatientEdt(PatientLoginPage.java:53)
at com.comcast.hms.objectRepo_SYSTEM.PatientLoginPage.getPatientEdt(PatientLoginPage.java:53)
at com.comcast.hms.objectRepo_SYSTEM.PatientLoginPage.getPatientEdt(PatientLoginPage.java:53)
at com.comcast.hms.objectRepo_SYSTEM.PatientLoginPage.getPatientEdt(PatientLoginPage.java:53)
at com.comcast.hms.objectRepo_SYSTEM.PatientLoginPage.getPatientEdt(PatientLoginPage.java:53)
at com.comcast.hms.objectRepo_SYSTEM.PatientLoginPage.getPatientEdt(PatientLoginPage.java:53)
at com.comcast.hms.objectRepo_SYSTEM.PatientLoginPage.getPatientEdt(PatientLoginPage.java:53)
at com.comcast.hms.objectRepo_SYSTEM.PatientLoginPage.getPatientEdt(PatientLoginPage.java:53)
at com.comcast.hms.objectRepo_SYSTEM.PatientLoginPage.getPatientEdt(PatientLoginPage.java:53)
at com.comcast.hms.objectRepo_SYSTEM.PatientLoginPage.getPatientEdt(PatientLoginPage.java:53)
at com.comcast.hms.objectRepo_SYSTEM.PatientLoginPage.getPatientEdt(PatientLoginPage.java:53)
at com.comcast.hms.objectRepo_SYSTEM.PatientLoginPage.getPatientEdt(PatientLoginPage.java:53)
at com.comcast.hms.objectRepo_SYSTEM.PatientLoginPage.getPatientEdt(PatientLoginPage.java:53)
at com.comcast.hms.objectRepo_SYSTEM.PatientLoginPage.getPatientEdt(PatientLoginPage.java:53)
at com.comcast.hms.objectRepo_SYSTEM.PatientLoginPage.getPatientEdt(PatientLoginPage.java:53)
at com.comcast.hms.objectRepo_SYSTEM.PatientLoginPage.getPatientEdt(PatientLoginPage.java:53)
at com.comcast.hms.objectRepo_SYSTEM.PatientLoginPage.getPatientEdt(PatientLoginPage.java:53)
at com.comcast.hms.objectRepo_SYSTEM.PatientLoginPage.getPatientEdt(PatientLoginPage.java:53)
at com.comcast.hms.objectRepo_SYSTEM.PatientLoginPage.getPatientEdt(PatientLoginPage.java:53)
at com.comcast.hms.objectRepo_SYSTEM.PatientLoginPage.getPatientEdt(PatientLoginPage.java:53)
at com.comcast.hms.objectRepo_SYSTEM.PatientLoginPage.getPatientEdt(PatientLoginPage.java:53)
at com.comcast.hms.objectRepo_SYSTEM.PatientLoginPage.getPatientEdt(PatientLoginPage.java:53)
at com.comcast.hms.objectRepo_SYSTEM.PatientLoginPage.getPatientEdt(PatientLoginPage.java:53)
at com.comcast.hms.objectRepo_SYSTEM.PatientLoginPage.getPatientEdt(PatientLoginPage.java:53)
at com.comcast.hms.objectRepo_SYSTEM.PatientLoginPage.getPatientEdt(PatientLoginPage.java:53)
at com.comcast.hms.objectRepo_SYSTEM.PatientLoginPage.getPatientEdt(PatientLoginPage.java:53)
at com.comcast.hms.objectRepo_SYSTEM.PatientLoginPage.getPatientEdt(PatientLoginPage.java:53)
at com.comcast.hms.objectRepo_SYSTEM.PatientLoginPage.getPatientEdt(PatientLoginPage.java:53)
at com.comcast.hms.objectRepo_SYSTEM.PatientLoginPage.getPatientEdt(PatientLoginPage.java:53)
at com.comcast.hms.objectRepo_SYSTEM.PatientLoginPage.getPatientEdt(PatientLoginPage.java:53)
at com.comcast.hms.objectRepo_SYSTEM.PatientLoginPage.getPatientEdt(PatientLoginPage.java:53)
at com.comcast.hms.objectRepo_SYSTEM.PatientLoginPage.getPatientEdt(PatientLoginPage.java:53)
at com.comcast.hms.objectRepo_SYSTEM.PatientLoginPage.getPatientEdt(PatientLoginPage.java:53)
at com.comcast.hms.objectRepo_SYSTEM.PatientLoginPage.getPatientEdt(PatientLoginPage.java:53)
at com.comcast.hms.objectRepo_SYSTEM.PatientLoginPage.getPatientEdt(PatientLoginPage.java:53)
at com.comcast.hms.objectRepo_SYSTEM.PatientLoginPage.getPatientEdt(PatientLoginPage.java:53)
at com.comcast.hms.objectRepo_SYSTEM.PatientLoginPage.getPatientEdt(PatientLoginPage.java:53)
at com.comcast.hms.objectRepo_SYSTEM.PatientLoginPage.getPatientEdt(PatientLoginPage.java:53)
at com.comcast.hms.objectRepo_SYSTEM.PatientLoginPage.getPatientEdt(PatientLoginPage.java:53)
at com.comcast.hms.objectRepo_SYSTEM.PatientLoginPage.getPatientEdt(PatientLoginPage.java:53)
at com.comcast.hms.objectRepo_SYSTEM.PatientLoginPage.getPatientEdt(PatientLoginPage.java:53)
at com.comcast.hms.objectRepo_SYSTEM.PatientLoginPage.getPatientEdt(PatientLoginPage.java:53)
at com.comcast.hms.objectRepo_SYSTEM.PatientLoginPage.getPatientEdt(PatientLoginPage.java:53)
at com.comcast.hms.objectRepo_SYSTEM.PatientLoginPage.getPatientEdt(PatientLoginPage.java:53)
at com.comcast.hms.objectRepo_SYSTEM.PatientLoginPage.getPatientEdt(PatientLoginPage.java:53)
at com.comcast.hms.objectRepo_SYSTEM.PatientLoginPage.getPatientEdt(PatientLoginPage.java:53)
at com.comcast.hms.objectRepo_SYSTEM.PatientLoginPage.getPatientEdt(PatientLoginPage.java:53)
at com.comcast.hms.objectRepo_SYSTEM.PatientLoginPage.getPatientEdt(PatientLoginPage.java:53)
at com.comcast.hms.objectRepo_SYSTEM.PatientLoginPage.getPatientEdt(PatientLoginPage.java:53)
at com.comcast.hms.objectRepo_SYSTEM.PatientLoginPage.getPatientEdt(PatientLoginPage.java:53)
at com.comcast.hms.objectRepo_SYSTEM.PatientLoginPage.getPatientEdt(PatientLoginPage.java:53)
at com.comcast.hms.objectRepo_SYSTEM.PatientLoginPage.getPatientEdt(PatientLoginPage.java:53)
at com.comcast.hms.objectRepo_SYSTEM.PatientLoginPage.getPatientEdt(PatientLoginPage.java:53)
at com.comcast.hms.objectRepo_SYSTEM.PatientLoginPage.getPatientEdt(PatientLoginPage.java:53)
at com.comcast.hms.objectRepo_SYSTEM.PatientLoginPage.getPatientEdt(PatientLoginPage.java:53)
at com.comcast.hms.objectRepo_SYSTEM.PatientLoginPage.getPatientEdt(PatientLoginPage.java:53)
at com.comcast.hms.objectRepo_SYSTEM.PatientLoginPage.getPatientEdt(PatientLoginPage.java:53)
at com.comcast.hms.objectRepo_SYSTEM.PatientLoginPage.getPatientEdt(PatientLoginPage.java:53)
at com.comcast.hms.objectRepo_SYSTEM.PatientLoginPage.getPatientEdt(PatientLoginPage.java:53)
at com.comcast.hms.objectRepo_SYSTEM.PatientLoginPage.getPatientEdt(PatientLoginPage.java:53)
at com.comcast.hms.objectRepo_SYSTEM.PatientLoginPage.getPatientEdt(PatientLoginPage.java:53)
at com.comcast.hms.objectRepo_SYSTEM.PatientLoginPage.getPatientEdt(PatientLoginPage.java:53)
at com.comcast.hms.objectRepo_SYSTEM.PatientLoginPage.getPatientEdt(PatientLoginPage.java:53)
at com.comcast.hms.objectRepo_SYSTEM.PatientLoginPage.getPatientEdt(PatientLoginPage.java:53)
at com.comcast.hms.objectRepo_SYSTEM.PatientLoginPage.getPatientEdt(PatientLoginPage.java:53)
at com.comcast.hms.objectRepo_SYSTEM.PatientLoginPage.getPatientEdt(PatientLoginPage.java:53)
at com.comcast.hms.objectRepo_SYSTEM.PatientLoginPage.getPatientEdt(PatientLoginPage.java:53)
at com.comcast.hms.objectRepo_SYSTEM.PatientLoginPage.getPatientEdt(PatientLoginPage.java:53)
at com.comcast.hms.objectRepo_SYSTEM.PatientLoginPage.getPatientEdt(PatientLoginPage.java:53)
at com.comcast.hms.objectRepo_SYSTEM.PatientLoginPage.getPatientEdt(PatientLoginPage.java:53)
at com.comcast.hms.objectRepo_SYSTEM.PatientLoginPage.getPatientEdt(PatientLoginPage.java:53)
at com.comcast.hms.objectRepo_SYSTEM.PatientLoginPage.getPatientEdt(PatientLoginPage.java:53)
at com.comcast.hms.objectRepo_SYSTEM.PatientLoginPage.getPatientEdt(PatientLoginPage.java:53)
at com.comcast.hms.objectRepo_SYSTEM.PatientLoginPage.getPatientEdt(PatientLoginPage.java:53)
at com.comcast.hms.objectRepo_SYSTEM.PatientLoginPage.getPatientEdt(PatientLoginPage.java:53)
at com.comcast.hms.objectRepo_SYSTEM.PatientLoginPage.getPatientEdt(PatientLoginPage.java:53)
at com.comcast.hms.objectRepo_SYSTEM.PatientLoginPage.getPatientEdt(PatientLoginPage.java:53)
at com.comcast.hms.objectRepo_SYSTEM.PatientLoginPage.getPatientEdt(PatientLoginPage.java:53)
at com.comcast.hms.objectRepo_SYSTEM.PatientLoginPage.getPatientEdt(PatientLoginPage.java:53)
at com.comcast.hms.objectRepo_SYSTEM.PatientLoginPage.getPatientEdt(PatientLoginPage.java:53)
at com.comcast.hms.objectRepo_SYSTEM.PatientLoginPage.getPatientEdt(PatientLoginPage.java:53)
at com.comcast.hms.objectRepo_SYSTEM.PatientLoginPage.getPatientEdt(PatientLoginPage.java:53)
at com.comcast.hms.objectRepo_SYSTEM.PatientLoginPage.getPatientEdt(PatientLoginPage.java:53)
at com.comcast.hms.objectRepo_SYSTEM.PatientLoginPage.getPatientEdt(PatientLoginPage.java:53)
at com.comcast.hms.objectRepo_SYSTEM.PatientLoginPage.getPatientEdt(PatientLoginPage.java:53)
at com.comcast.hms.objectRepo_SYSTEM.PatientLoginPage.getPatientEdt(PatientLoginPage.java:53)
at com.comcast.hms.objectRepo_SYSTEM.PatientLoginPage.getPatientEdt(PatientLoginPage.java:53)
at com.comcast.hms.objectRepo_SYSTEM.PatientLoginPage.getPatientEdt(PatientLoginPage.java:53)
at com.comcast.hms.objectRepo_SYSTEM.PatientLoginPage.getPatientEdt(PatientLoginPage.java:53)
at com.comcast.hms.objectRepo_SYSTEM.PatientLoginPage.getPatientEdt(PatientLoginPage.java:53)
at com.comcast.hms.objectRepo_SYSTEM.PatientLoginPage.getPatientEdt(PatientLoginPage.java:53)
at com.comcast.hms.objectRepo_SYSTEM.PatientLoginPage.getPatientEdt(PatientLoginPage.java:53)
at com.comcast.hms.objectRepo_SYSTEM.PatientLoginPage.getPatientEdt(PatientLoginPage.java:53)
at com.comcast.hms.objectRepo_SYSTEM.PatientLoginPage.getPatientEdt(PatientLoginPage.java:53)
at com.comcast.hms.objectRepo_SYSTEM.PatientLoginPage.getPatientEdt(PatientLoginPage.java:53)
at com.comcast.hms.objectRepo_SYSTEM.PatientLoginPage.getPatientEdt(PatientLoginPage.java:53)
at com.comcast.hms.objectRepo_SYSTEM.PatientLoginPage.getPatientEdt(PatientLoginPage.java:53)
at com.comcast.hms.objectRepo_SYSTEM.PatientLoginPage.getPatientEdt(PatientLoginPage.java:53)
at com.comcast.hms.objectRepo_SYSTEM.PatientLoginPage.getPatientEdt(PatientLoginPage.java:53)
at com.comcast.hms.objectRepo_SYSTEM.PatientLoginPage.getPatientEdt(PatientLoginPage.java:53)
at com.comcast.hms.objectRepo_SYSTEM.PatientLoginPage.getPatientEdt(PatientLoginPage.java:53)
at com.comcast.hms.objectRepo_SYSTEM.PatientLoginPage.getPatientEdt(PatientLoginPage.java:53)
at com.comcast.hms.objectRepo_SYSTEM.PatientLoginPage.getPatientEdt(PatientLoginPage.java:53)
at com.comcast.hms.objectRepo_SYSTEM.PatientLoginPage.getPatientEdt(PatientLoginPage.java:53)
at com.comcast.hms.objectRepo_SYSTEM.PatientLoginPage.getPatientEdt(PatientLoginPage.java:53)
at com.comcast.hms.objectRepo_SYSTEM.PatientLoginPage.getPatientEdt(PatientLoginPage.java:53)
at com.comcast.hms.objectRepo_SYSTEM.PatientLoginPage.getPatientEdt(PatientLoginPage.java:53)
at com.comcast.hms.objectRepo_SYSTEM.PatientLoginPage.getPatientEdt(PatientLoginPage.java:53)
at com.comcast.hms.objectRepo_SYSTEM.PatientLoginPage.getPatientEdt(PatientLoginPage.java:53)
at com.comcast.hms.objectRepo_SYSTEM.PatientLoginPage.getPatientEdt(PatientLoginPage.java:53)
at com.comcast.hms.objectRepo_SYSTEM.PatientLoginPage.getPatientEdt(PatientLoginPage.java:53)
at com.comcast.hms.objectRepo_SYSTEM.PatientLoginPage.getPatientEdt(PatientLoginPage.java:53)
at com.comcast.hms.objectRepo_SYSTEM.PatientLoginPage.getPatientEdt(PatientLoginPage.java:53)
at com.comcast.hms.objectRepo_SYSTEM.PatientLoginPage.getPatientEdt(PatientLoginPage.java:53)
at com.comcast.hms.objectRepo_SYSTEM.PatientLoginPage.getPatientEdt(PatientLoginPage.java:53)
at com.comcast.hms.objectRepo_SYSTEM.PatientLoginPage.getPatientEdt(PatientLoginPage.java:53)
at com.comcast.hms.objectRepo_SYSTEM.PatientLoginPage.getPatientEdt(PatientLoginPage.java:53)
at com.comcast.hms.objectRepo_SYSTEM.PatientLoginPage.getPatientEdt(PatientLoginPage.java:53)
at com.comcast.hms.objectRepo_SYSTEM.PatientLoginPage.getPatientEdt(PatientLoginPage.java:53)
at com.comcast.hms.objectRepo_SYSTEM.PatientLoginPage.getPatientEdt(PatientLoginPage.java:53)
at com.comcast.hms.objectRepo_SYSTEM.PatientLoginPage.getPatientEdt(PatientLoginPage.java:53)
at com.comcast.hms.objectRepo_SYSTEM.PatientLoginPage.getPatientEdt(PatientLoginPage.java:53)
at com.comcast.hms.objectRepo_SYSTEM.PatientLoginPage.getPatientEdt(PatientLoginPage.java:53)
at com.comcast.hms.objectRepo_SYSTEM.PatientLoginPage.getPatientEdt(PatientLoginPage.java:53)
at com.comcast.hms.objectRepo_SYSTEM.PatientLoginPage.getPatientEdt(PatientLoginPage.java:53)
at com.comcast.hms.objectRepo_SYSTEM.PatientLoginPage.getPatientEdt(PatientLoginPage.java:53)
at com.comcast.hms.objectRepo_SYSTEM.PatientLoginPage.getPatientEdt(PatientLoginPage.java:53)
at com.comcast.hms.objectRepo_SYSTEM.PatientLoginPage.getPatientEdt(PatientLoginPage.java:53)
at com.comcast.hms.objectRepo_SYSTEM.PatientLoginPage.getPatientEdt(PatientLoginPage.java:53)
at com.comcast.hms.objectRepo_SYSTEM.PatientLoginPage.getPatientEdt(PatientLoginPage.java:53)
at com.comcast.hms.objectRepo_SYSTEM.PatientLoginPage.getPatientEdt(PatientLoginPage.java:53)
at com.comcast.hms.objectRepo_SYSTEM.PatientLoginPage.getPatientEdt(PatientLoginPage.java:53)
at com.comcast.hms.objectRepo_SYSTEM.PatientLoginPage.getPatientEdt(PatientLoginPage.java:53)
at com.comcast.hms.objectRepo_SYSTEM.PatientLoginPage.getPatientEdt(PatientLoginPage.java:53)
at com.comcast.hms.objectRepo_SYSTEM.PatientLoginPage.getPatientEdt(PatientLoginPage.java:53)
at com.comcast.hms.objectRepo_SYSTEM.PatientLoginPage.getPatientEdt(PatientLoginPage.java:53)
at com.comcast.hms.objectRepo_SYSTEM.PatientLoginPage.getPatientEdt(PatientLoginPage.java:53)
at com.comcast.hms.objectRepo_SYSTEM.PatientLoginPage.getPatientEdt(PatientLoginPage.java:53)
at com.comcast.hms.objectRepo_SYSTEM.PatientLoginPage.getPatientEdt(PatientLoginPage.java:53)
at com.comcast.hms.objectRepo_SYSTEM.PatientLoginPage.getPatientEdt(PatientLoginPage.java:53)
at com.comcast.hms.objectRepo_SYSTEM.PatientLoginPage.getPatientEdt(PatientLoginPage.java:53)
at com.comcast.hms.objectRepo_SYSTEM.PatientLoginPage.getPatientEdt(PatientLoginPage.java:53)
at com.comcast.hms.objectRepo_SYSTEM.PatientLoginPage.getPatientEdt(PatientLoginPage.java:53)
at com.comcast.hms.objectRepo_SYSTEM.PatientLoginPage.getPatientEdt(PatientLoginPage.java:53)
at com.comcast.hms.objectRepo_SYSTEM.PatientLoginPage.getPatientEdt(PatientLoginPage.java:53)
at com.comcast.hms.objectRepo_SYSTEM.PatientLoginPage.getPatientEdt(PatientLoginPage.java:53)
at com.comcast.hms.objectRepo_SYSTEM.PatientLoginPage.getPatientEdt(PatientLoginPage.java:53)
at com.comcast.hms.objectRepo_SYSTEM.PatientLoginPage.getPatientEdt(PatientLoginPage.java:53)
at com.comcast.hms.objectRepo_SYSTEM.PatientLoginPage.getPatientEdt(PatientLoginPage.java:53)
at com.comcast.hms.objectRepo_SYSTEM.PatientLoginPage.getPatientEdt(PatientLoginPage.java:53)
at com.comcast.hms.objectRepo_SYSTEM.PatientLoginPage.getPatientEdt(PatientLoginPage.java:53)
at com.comcast.hms.objectRepo_SYSTEM.PatientLoginPage.getPatientEdt(PatientLoginPage.java:53)
at com.comcast.hms.objectRepo_SYSTEM.PatientLoginPage.getPatientEdt(PatientLoginPage.java:53)
at com.comcast.hms.objectRepo_SYSTEM.PatientLoginPage.getPatientEdt(PatientLoginPage.java:53)
at com.comcast.hms.objectRepo_SYSTEM.PatientLoginPage.getPatientEdt(PatientLoginPage.java:53)
at com.comcast.hms.objectRepo_SYSTEM.PatientLoginPage.getPatientEdt(PatientLoginPage.java:53)
at com.comcast.hms.objectRepo_SYSTEM.PatientLoginPage.getPatientEdt(PatientLoginPage.java:53)
at com.comcast.hms.objectRepo_SYSTEM.PatientLoginPage.getPatientEdt(PatientLoginPage.java:53)
at com.comcast.hms.objectRepo_SYSTEM.PatientLoginPage.getPatientEdt(PatientLoginPage.java:53)
at com.comcast.hms.objectRepo_SYSTEM.PatientLoginPage.getPatientEdt(PatientLoginPage.java:53)
at com.comcast.hms.objectRepo_SYSTEM.PatientLoginPage.getPatientEdt(PatientLoginPage.java:53)
at com.comcast.hms.objectRepo_SYSTEM.PatientLoginPage.getPatientEdt(PatientLoginPage.java:53)
at com.comcast.hms.objectRepo_SYSTEM.PatientLoginPage.getPatientEdt(PatientLoginPage.java:53)
at com.comcast.hms.objectRepo_SYSTEM.PatientLoginPage.getPatientEdt(PatientLoginPage.java:53)
at com.comcast.hms.objectRepo_SYSTEM.PatientLoginPage.getPatientEdt(PatientLoginPage.java:53)
at com.comcast.hms.objectRepo_SYSTEM.PatientLoginPage.getPatientEdt(PatientLoginPage.java:53)
at com.comcast.hms.objectRepo_SYSTEM.PatientLoginPage.getPatientEdt(PatientLoginPage.java:53)
at com.comcast.hms.objectRepo_SYSTEM.PatientLoginPage.getPatientEdt(PatientLoginPage.java:53)
at com.comcast.hms.objectRepo_SYSTEM.PatientLoginPage.getPatientEdt(PatientLoginPage.java:53)
at com.comcast.hms.objectRepo_SYSTEM.PatientLoginPage.getPatientEdt(PatientLoginPage.java:53)
at com.comcast.hms.objectRepo_SYSTEM.PatientLoginPage.getPatientEdt(PatientLoginPage.java:53)
at com.comcast.hms.objectRepo_SYSTEM.PatientLoginPage.getPatientEdt(PatientLoginPage.java:53)
at com.comcast.hms.objectRepo_SYSTEM.PatientLoginPage.getPatientEdt(PatientLoginPage.java:53)
at com.comcast.hms.objectRepo_SYSTEM.PatientLoginPage.getPatientEdt(PatientLoginPage.java:53)
at com.comcast.hms.objectRepo_SYSTEM.PatientLoginPage.getPatientEdt(PatientLoginPage.java:53)
at com.comcast.hms.objectRepo_SYSTEM.PatientLoginPage.getPatientEdt(PatientLoginPage.java:53)
at com.comcast.hms.objectRepo_SYSTEM.PatientLoginPage.getPatientEdt(PatientLoginPage.java:53)
at com.comcast.hms.objectRepo_SYSTEM.PatientLoginPage.getPatientEdt(PatientLoginPage.java:53)
at com.comcast.hms.objectRepo_SYSTEM.PatientLoginPage.getPatientEdt(PatientLoginPage.java:53)
at com.comcast.hms.objectRepo_SYSTEM.PatientLoginPage.getPatientEdt(PatientLoginPage.java:53)
at com.comcast.hms.objectRepo_SYSTEM.PatientLoginPage.getPatientEdt(PatientLoginPage.java:53)
at com.comcast.hms.objectRepo_SYSTEM.PatientLoginPage.getPatientEdt(PatientLoginPage.java:53)
at com.comcast.hms.objectRepo_SYSTEM.PatientLoginPage.getPatientEdt(PatientLoginPage.java:53)
at com.comcast.hms.objectRepo_SYSTEM.PatientLoginPage.getPatientEdt(PatientLoginPage.java:53)
at com.comcast.hms.objectRepo_SYSTEM.PatientLoginPage.getPatientEdt(PatientLoginPage.java:53)
at com.comcast.hms.objectRepo_SYSTEM.PatientLoginPage.getPatientEdt(PatientLoginPage.java:53)
at com.comcast.hms.objectRepo_SYSTEM.PatientLoginPage.getPatientEdt(PatientLoginPage.java:53)
at com.comcast.hms.objectRepo_SYSTEM.PatientLoginPage.getPatientEdt(PatientLoginPage.java:53)
at com.comcast.hms.objectRepo_SYSTEM.PatientLoginPage.getPatientEdt(PatientLoginPage.java:53)
at com.comcast.hms.objectRepo_SYSTEM.PatientLoginPage.getPatientEdt(PatientLoginPage.java:53)
at com.comcast.hms.objectRepo_SYSTEM.PatientLoginPage.getPatientEdt(PatientLoginPage.java:53)
at com.comcast.hms.objectRepo_SYSTEM.PatientLoginPage.getPatientEdt(PatientLoginPage.java:53)
at com.comcast.hms.objectRepo_SYSTEM.PatientLoginPage.getPatientEdt(PatientLoginPage.java:53)
at com.comcast.hms.objectRepo_SYSTEM.PatientLoginPage.getPatientEdt(PatientLoginPage.java:53)
at com.comcast.hms.objectRepo_SYSTEM.PatientLoginPage.getPatientEdt(PatientLoginPage.java:53)
at com.comcast.hms.objectRepo_SYSTEM.PatientLoginPage.getPatientEdt(PatientLoginPage.java:53)
at com.comcast.hms.objectRepo_SYSTEM.PatientLoginPage.getPatientEdt(PatientLoginPage.java:53)
at com.comcast.hms.objectRepo_SYSTEM.PatientLoginPage.getPatientEdt(PatientLoginPage.java:53)
at com.comcast.hms.objectRepo_SYSTEM.PatientLoginPage.getPatientEdt(PatientLoginPage.java:53)
at com.comcast.hms.objectRepo_SYSTEM.PatientLoginPage.getPatientEdt(PatientLoginPage.java:53)
at com.comcast.hms.objectRepo_SYSTEM.PatientLoginPage.getPatientEdt(PatientLoginPage.java:53)
at com.comcast.hms.objectRepo_SYSTEM.PatientLoginPage.getPatientEdt(PatientLoginPage.java:53)
at com.comcast.hms.objectRepo_SYSTEM.PatientLoginPage.getPatientEdt(PatientLoginPage.java:53)
at com.comcast.hms.objectRepo_SYSTEM.PatientLoginPage.getPatientEdt(PatientLoginPage.java:53)
at com.comcast.hms.objectRepo_SYSTEM.PatientLoginPage.getPatientEdt(PatientLoginPage.java:53)
at com.comcast.hms.objectRepo_SYSTEM.PatientLoginPage.getPatientEdt(PatientLoginPage.java:53)
at com.comcast.hms.objectRepo_SYSTEM.PatientLoginPage.getPatientEdt(PatientLoginPage.java:53)
at com.comcast.hms.objectRepo_SYSTEM.PatientLoginPage.getPatientEdt(PatientLoginPage.java:53)
at com.comcast.hms.objectRepo_SYSTEM.PatientLoginPage.getPatientEdt(PatientLoginPage.java:53)
at com.comcast.hms.objectRepo_SYSTEM.PatientLoginPage.getPatientEdt(PatientLoginPage.java:53)
at com.comcast.hms.objectRepo_SYSTEM.PatientLoginPage.getPatientEdt(PatientLoginPage.java:53)
at com.comcast.hms.objectRepo_SYSTEM.PatientLoginPage.getPatientEdt(PatientLoginPage.java:53)
at com.comcast.hms.objectRepo_SYSTEM.PatientLoginPage.getPatientEdt(PatientLoginPage.java:53)
at com.comcast.hms.objectRepo_SYSTEM.PatientLoginPage.getPatientEdt(PatientLoginPage.java:53)
at com.comcast.hms.objectRepo_SYSTEM.PatientLoginPage.getPatientEdt(PatientLoginPage.java:53)
at com.comcast.hms.objectRepo_SYSTEM.PatientLoginPage.getPatientEdt(PatientLoginPage.java:53)
at com.comcast.hms.objectRepo_SYSTEM.PatientLoginPage.getPatientEdt(PatientLoginPage.java:53)
at com.comcast.hms.objectRepo_SYSTEM.PatientLoginPage.getPatientEdt(PatientLoginPage.java:53)
at com.comcast.hms.objectRepo_SYSTEM.PatientLoginPage.getPatientEdt(PatientLoginPage.java:53)
at com.comcast.hms.objectRepo_SYSTEM.PatientLoginPage.getPatientEdt(PatientLoginPage.java:53)
at com.comcast.hms.objectRepo_SYSTEM.PatientLoginPage.getPatientEdt(PatientLoginPage.java:53)
at com.comcast.hms.objectRepo_SYSTEM.PatientLoginPage.getPatientEdt(PatientLoginPage.java:53)
at com.comcast.hms.objectRepo_SYSTEM.PatientLoginPage.getPatientEdt(PatientLoginPage.java:53)
at com.comcast.hms.objectRepo_SYSTEM.PatientLoginPage.getPatientEdt(PatientLoginPage.java:53)
at com.comcast.hms.objectRepo_SYSTEM.PatientLoginPage.getPatientEdt(PatientLoginPage.java:53)
at com.comcast.hms.objectRepo_SYSTEM.PatientLoginPage.getPatientEdt(PatientLoginPage.java:53)
at com.comcast.hms.objectRepo_SYSTEM.PatientLoginPage.getPatientEdt(PatientLoginPage.java:53)
at com.comcast.hms.objectRepo_SYSTEM.PatientLoginPage.getPatientEdt(PatientLoginPage.java:53)
at com.comcast.hms.objectRepo_SYSTEM.PatientLoginPage.getPatientEdt(PatientLoginPage.java:53)
at com.comcast.hms.objectRepo_SYSTEM.PatientLoginPage.getPatientEdt(PatientLoginPage.java:53)
at com.comcast.hms.objectRepo_SYSTEM.PatientLoginPage.getPatientEdt(PatientLoginPage.java:53)
at com.comcast.hms.objectRepo_SYSTEM.PatientLoginPage.getPatientEdt(PatientLoginPage.java:53)
at com.comcast.hms.objectRepo_SYSTEM.PatientLoginPage.getPatientEdt(PatientLoginPage.java:53)
at com.comcast.hms.objectRepo_SYSTEM.PatientLoginPage.getPatientEdt(PatientLoginPage.java:53)
at com.comcast.hms.objectRepo_SYSTEM.PatientLoginPage.getPatientEdt(PatientLoginPage.java:53)
at com.comcast.hms.objectRepo_SYSTEM.PatientLoginPage.getPatientEdt(PatientLoginPage.java:53)
at com.comcast.hms.objectRepo_SYSTEM.PatientLoginPage.getPatientEdt(PatientLoginPage.java:53)
at com.comcast.hms.objectRepo_SYSTEM.PatientLoginPage.getPatientEdt(PatientLoginPage.java:53)
at com.comcast.hms.objectRepo_SYSTEM.PatientLoginPage.getPatientEdt(PatientLoginPage.java:53)
at com.comcast.hms.objectRepo_SYSTEM.PatientLoginPage.getPatientEdt(PatientLoginPage.java:53)
at com.comcast.hms.objectRepo_SYSTEM.PatientLoginPage.getPatientEdt(PatientLoginPage.java:53)
at com.comcast.hms.objectRepo_SYSTEM.PatientLoginPage.getPatientEdt(PatientLoginPage.java:53)
at com.comcast.hms.objectRepo_SYSTEM.PatientLoginPage.getPatientEdt(PatientLoginPage.java:53)
at com.comcast.hms.objectRepo_SYSTEM.PatientLoginPage.getPatientEdt(PatientLoginPage.java:53)
at com.comcast.hms.objectRepo_SYSTEM.PatientLoginPage.getPatientEdt(PatientLoginPage.java:53)
at com.comcast.hms.objectRepo_SYSTEM.PatientLoginPage.getPatientEdt(PatientLoginPage.java:53)
at com.comcast.hms.objectRepo_SYSTEM.PatientLoginPage.getPatientEdt(PatientLoginPage.java:53)
at com.comcast.hms.objectRepo_SYSTEM.PatientLoginPage.getPatientEdt(PatientLoginPage.java:53)
at com.comcast.hms.objectRepo_SYSTEM.PatientLoginPage.getPatientEdt(PatientLoginPage.java:53)
at com.comcast.hms.objectRepo_SYSTEM.PatientLoginPage.getPatientEdt(PatientLoginPage.java:53)
at com.comcast.hms.objectRepo_SYSTEM.PatientLoginPage.getPatientEdt(PatientLoginPage.java:53)
at com.comcast.hms.objectRepo_SYSTEM.PatientLoginPage.getPatientEdt(PatientLoginPage.java:53)
at com.comcast.hms.objectRepo_SYSTEM.PatientLoginPage.getPatientEdt(PatientLoginPage.java:53)
at com.comcast.hms.objectRepo_SYSTEM.PatientLoginPage.getPatientEdt(PatientLoginPage.java:53)
at com.comcast.hms.objectRepo_SYSTEM.PatientLoginPage.getPatientEdt(PatientLoginPage.java:53)
at com.comcast.hms.objectRepo_SYSTEM.PatientLoginPage.getPatientEdt(PatientLoginPage.java:53)
at com.comcast.hms.objectRepo_SYSTEM.PatientLoginPage.getPatientEdt(PatientLoginPage.java:53)
at com.comcast.hms.objectRepo_SYSTEM.PatientLoginPage.getPatientEdt(PatientLoginPage.java:53)
at com.comcast.hms.objectRepo_SYSTEM.PatientLoginPage.getPatientEdt(PatientLoginPage.java:53)
at com.comcast.hms.objectRepo_SYSTEM.PatientLoginPage.getPatientEdt(PatientLoginPage.java:53)
at com.comcast.hms.objectRepo_SYSTEM.PatientLoginPage.getPatientEdt(PatientLoginPage.java:53)
at com.comcast.hms.objectRepo_SYSTEM.PatientLoginPage.getPatientEdt(PatientLoginPage.java:53)
at com.comcast.hms.objectRepo_SYSTEM.PatientLoginPage.getPatientEdt(PatientLoginPage.java:53)
at com.comcast.hms.objectRepo_SYSTEM.PatientLoginPage.getPatientEdt(PatientLoginPage.java:53)
at com.comcast.hms.objectRepo_SYSTEM.PatientLoginPage.getPatientEdt(PatientLoginPage.java:53)
at com.comcast.hms.objectRepo_SYSTEM.PatientLoginPage.getPatientEdt(PatientLoginPage.java:53)
at com.comcast.hms.objectRepo_SYSTEM.PatientLoginPage.getPatientEdt(PatientLoginPage.java:53)
at com.comcast.hms.objectRepo_SYSTEM.PatientLoginPage.getPatientEdt(PatientLoginPage.java:53)
at com.comcast.hms.objectRepo_SYSTEM.PatientLoginPage.getPatientEdt(PatientLoginPage.java:53)
at com.comcast.hms.objectRepo_SYSTEM.PatientLoginPage.getPatientEdt(PatientLoginPage.java:53)
at com.comcast.hms.objectRepo_SYSTEM.PatientLoginPage.getPatientEdt(PatientLoginPage.java:53)
at com.comcast.hms.objectRepo_SYSTEM.PatientLoginPage.getPatientEdt(PatientLoginPage.java:53)
at com.comcast.hms.objectRepo_SYSTEM.PatientLoginPage.getPatientEdt(PatientLoginPage.java:53)
at com.comcast.hms.objectRepo_SYSTEM.PatientLoginPage.getPatientEdt(PatientLoginPage.java:53)
at com.comcast.hms.objectRepo_SYSTEM.PatientLoginPage.getPatientEdt(PatientLoginPage.java:53)
at com.comcast.hms.objectRepo_SYSTEM.PatientLoginPage.getPatientEdt(PatientLoginPage.java:53)
at com.comcast.hms.objectRepo_SYSTEM.PatientLoginPage.getPatientEdt(PatientLoginPage.java:53)
at com.comcast.hms.objectRepo_SYSTEM.PatientLoginPage.getPatientEdt(PatientLoginPage.java:53)
at com.comcast.hms.objectRepo_SYSTEM.PatientLoginPage.getPatientEdt(PatientLoginPage.java:53)
at com.comcast.hms.objectRepo_SYSTEM.PatientLoginPage.getPatientEdt(PatientLoginPage.java:53)
at com.comcast.hms.objectRepo_SYSTEM.PatientLoginPage.getPatientEdt(PatientLoginPage.java:53)
at com.comcast.hms.objectRepo_SYSTEM.PatientLoginPage.getPatientEdt(PatientLoginPage.java:53)
at com.comcast.hms.objectRepo_SYSTEM.PatientLoginPage.getPatientEdt(PatientLoginPage.java:53)
at com.comcast.hms.objectRepo_SYSTEM.PatientLoginPage.getPatientEdt(PatientLoginPage.java:53)
at com.comcast.hms.objectRepo_SYSTEM.PatientLoginPage.getPatientEdt(PatientLoginPage.java:53)
at com.comcast.hms.objectRepo_SYSTEM.PatientLoginPage.getPatientEdt(PatientLoginPage.java:53)
at com.comcast.hms.objectRepo_SYSTEM.PatientLoginPage.getPatientEdt(PatientLoginPage.java:53)
at com.comcast.hms.objectRepo_SYSTEM.PatientLoginPage.getPatientEdt(PatientLoginPage.java:53)
at com.comcast.hms.objectRepo_SYSTEM.PatientLoginPage.getPatientEdt(PatientLoginPage.java:53)
at com.comcast.hms.objectRepo_SYSTEM.PatientLoginPage.getPatientEdt(PatientLoginPage.java:53)
at com.comcast.hms.objectRepo_SYSTEM.PatientLoginPage.getPatientEdt(PatientLoginPage.java:53)
at com.comcast.hms.objectRepo_SYSTEM.PatientLoginPage.getPatientEdt(PatientLoginPage.java:53)
at com.comcast.hms.objectRepo_SYSTEM.PatientLoginPage.getPatientEdt(PatientLoginPage.java:53)
at com.comcast.hms.objectRepo_SYSTEM.PatientLoginPage.getPatientEdt(PatientLoginPage.java:53)
at com.comcast.hms.objectRepo_SYSTEM.PatientLoginPage.getPatientEdt(PatientLoginPage.java:53)
at com.comcast.hms.objectRepo_SYSTEM.PatientLoginPage.getPatientEdt(PatientLoginPage.java:53)
at com.comcast.hms.objectRepo_SYSTEM.PatientLoginPage.getPatientEdt(PatientLoginPage.java:53)
at com.comcast.hms.objectRepo_SYSTEM.PatientLoginPage.getPatientEdt(PatientLoginPage.java:53)
at com.comcast.hms.objectRepo_SYSTEM.PatientLoginPage.getPatientEdt(PatientLoginPage.java:53)
at com.comcast.hms.objectRepo_SYSTEM.PatientLoginPage.getPatientEdt(PatientLoginPage.java:53)
at com.comcast.hms.objectRepo_SYSTEM.PatientLoginPage.getPatientEdt(PatientLoginPage.java:53)
at com.comcast.hms.objectRepo_SYSTEM.PatientLoginPage.getPatientEdt(PatientLoginPage.java:53)
at com.comcast.hms.objectRepo_SYSTEM.PatientLoginPage.getPatientEdt(PatientLoginPage.java:53)
at com.comcast.hms.objectRepo_SYSTEM.PatientLoginPage.getPatientEdt(PatientLoginPage.java:53)
]]>
    </error>
  </testcase> <!-- RegistrationToDoctor -->
  <system-out/>
</testsuite> <!-- com.comcast.hms.SystemTest_TestNg.DoctorPatientSystemTest -->
