<?xml version="1.0" encoding="UTF-8"?>
<!-- Generated by org.testng.reporters.JUnitReportReporter -->
<testsuite hostname="AICHHIKA-DELL" failures="0" tests="1" name="com.comcast.hms.SystemTest_TestNg.PatientMedicalHistoryTest" time="79.958" errors="0" timestamp="2025-09-21T22:26:11 IST" skipped="0">
  <testcase classname="com.comcast.hms.SystemTest_TestNg.PatientMedicalHistoryTest" name="PatientMedicalHistory" time="79.958"/>
  <system-out/>
</testsuite> <!-- com.comcast.hms.SystemTest_TestNg.PatientMedicalHistoryTest -->
