<?xml version="1.0" encoding="UTF-8"?>
<!-- Generated by org.testng.reporters.JUnitReportReporter -->
<testsuite hostname="AICHHIKA-DELL" failures="0" tests="1" name="com.comcast.hms.SmokeTest_TestNG.PatientRegistrationSMTest" time="0.256" errors="0" timestamp="2025-09-27T19:03:00 IST" skipped="0">
  <testcase classname="com.comcast.hms.SmokeTest_TestNG.PatientRegistrationSMTest" name="PatientRegistrationSmoke" time="0.256"/>
  <system-out/>
</testsuite> <!-- com.comcast.hms.SmokeTest_TestNG.PatientRegistrationSMTest -->
